        -:    0:Source:dominion.c
        -:    0:Graph:dominion.gcno
        -:    0:Data:dominion.gcda
        -:    0:Runs:7
        -:    0:Programs:7
        -:    1:#include "dominion.h"
        -:    2:#include "dominion_helpers.h"
        -:    3:#include "rngs.h"
        -:    4:#include <stdio.h>
        -:    5:#include <math.h>
        -:    6:#include <stdlib.h>
        -:    7:
function card_Smithy called 4 returned 100% blocks executed 100%
        4:    8:int card_Smithy(struct gameState *state, int handPos)
        -:    9:{
        -:   10:  int i;
        4:   11:  int currentPlayer = whoseTurn(state);
call    0 returned 100%
        -:   12:  // + 3 cards
       12:   13:  for (i = 1; i < 3; i++)
branch  0 taken 67%
branch  1 taken 33% (fallthrough)
        -:   14:  {
        8:   15:    drawCard(currentPlayer, state);
call    0 returned 100%
        -:   16:  }
        -:   17:
        -:   18:  //discard card from hand
        4:   19:  discardCard(handPos, currentPlayer, state, 0);
call    0 returned 100%
        4:   20:  return 0;
        -:   21:}
        -:   22:
        -:   23:
function card_Adventurer called 5 returned 100% blocks executed 88%
        5:   24:int card_Adventurer(struct gameState *state)
        -:   25:{
        -:   26:  //current player
        5:   27:  int currentPlayer = whoseTurn(state);
call    0 returned 100%
        -:   28:  //this should just remove the top card (the most recently drawn one).
        -:   29:  //this variable is needed in case a funciton that was drawn is not the treasure function
        -:   30:  int temphand[MAX_HAND];
        -:   31:  //count the treasures that were drawn
        5:   32:  int drawntreasure = 0;
        -:   33:  //counts the cards that were drawn
        5:   34:  int cardDrawn = 0;
        -:   35:  //used for the indexing of the temphand array
        5:   36:  int z = 0;
        -:   37:
        -:   38:
       20:   39:   while(drawntreasure<2){
branch  0 taken 67%
branch  1 taken 33% (fallthrough)
       10:   40:	if (state->deckCount[currentPlayer] <1){//if the deck is empty we need to shuffle discard and add to deck
branch  0 taken 10% (fallthrough)
branch  1 taken 90%
        1:   41:	  shuffle(currentPlayer, state);
call    0 returned 100%
        -:   42:	}
       10:   43:	drawCard(currentPlayer, state);
call    0 returned 100%
       10:   44:	cardDrawn = state->hand[currentPlayer][state->handCount[currentPlayer]-1];//top card of hand is most recently drawn card.
       10:   45:	if (cardDrawn == copper || cardDrawn == silver || cardDrawn != gold)
branch  0 taken 100% (fallthrough)
branch  1 taken 0%
branch  2 taken 100% (fallthrough)
branch  3 taken 0%
branch  4 taken 100% (fallthrough)
branch  5 taken 0%
       10:   46:	  drawntreasure++;
        -:   47:	else{
    #####:   48:	  temphand[z]=cardDrawn;
    #####:   49:	  state->handCount[currentPlayer]--; //this should just remove the top card (the most recently drawn one).
    #####:   50:	  z++;
        -:   51:	}
        -:   52:      }
       10:   53:      while(z-1>=0){
branch  0 taken 0%
branch  1 taken 100% (fallthrough)
    #####:   54:	state->discard[currentPlayer][state->discardCount[currentPlayer]++]=temphand[z-1]; // discard all cards in play that have been drawn
    #####:   55:	z=z-1;
        -:   56:      }
        -:   57:
        -:   58:
        -:   59:
        -:   60:
        5:   61:      return 0;
        -:   62:
        -:   63:
        -:   64:}
        -:   65:
        -:   66:
        -:   67:
function card_Council_Room called 0 returned 0% blocks executed 0%
    #####:   68:int card_Council_Room(struct gameState *state, int handPos){
        -:   69:  int i;
    #####:   70:  int currentPlayer = whoseTurn(state);
call    0 never executed
    #####:   71:      for (i = 0; i < 4; i++)
branch  0 never executed
branch  1 never executed
        -:   72:	{
    #####:   73:	  drawCard(currentPlayer, state);
call    0 never executed
        -:   74:	}
        -:   75:
        -:   76:      //+1 Buy
        -:   77:      //state->numBuys++;
        -:   78:
        -:   79:      //Each other player draws a card
    #####:   80:      for (i = 0; i < state->numPlayers; i++)
branch  0 never executed
branch  1 never executed
        -:   81:	{
    #####:   82:	  if ( i != currentPlayer )
branch  0 never executed
branch  1 never executed
        -:   83:	    {
    #####:   84:	      drawCard(i, state);
call    0 never executed
        -:   85:	      //drawCard(i, state);
        -:   86:	    }
        -:   87:	}
        -:   88:
        -:   89:      //put played card in played card pile
    #####:   90:      discardCard(handPos, currentPlayer, state, 0);
call    0 never executed
    #####:   91:      return 0;
        -:   92:  }
        -:   93:
function card_Feast called 0 returned 0% blocks executed 0%
    #####:   94:int card_Feast(struct gameState *state, int choice1){
        -:   95:    //used for loop counter
        -:   96:      int x;
        -:   97:      int i;//used for loop counter
        -:   98:      //current player
    #####:   99:      int currentPlayer = whoseTurn(state);
call    0 never executed
        -:  100:      //used for backup hand
        -:  101:      int temphand[MAX_HAND];
        -:  102:
        -:  103://gain card with cost up to 5
        -:  104:      //Backup hand
    #####:  105:      for (i = 0; i <= state->handCount[currentPlayer]; i++){
branch  0 never executed
branch  1 never executed
    #####:  106:	temphand[i] = state->hand[currentPlayer][i];//Backup card
    #####:  107:	state->hand[currentPlayer][i] = -1;//Set to nothing
        -:  108:      }
        -:  109:      //Backup hand
        -:  110:
        -:  111:      //Update Coins for Buy
    #####:  112:      updateCoins(currentPlayer, state, 5);
call    0 never executed
    #####:  113:      x = 1;//Condition to loop on
    #####:  114:      while( x == 1) {//Buy one card
branch  0 never executed
branch  1 never executed
    #####:  115:	if (supplyCount(choice1, state) <= 0){
call    0 never executed
branch  1 never executed
branch  2 never executed
        -:  116:	  if (DEBUG)
        -:  117:	    printf("None of that card left, sorry!\n");
        -:  118:
        -:  119:	  if (DEBUG){
        -:  120:	    printf("Cards Left: %d\n", supplyCount(choice1, state));
        -:  121:	  }
        -:  122:	}
    #####:  123:	else if (state->coins < getCost(choice1)){
call    0 never executed
branch  1 never executed
branch  2 never executed
    #####:  124:	  printf("That card is too expensive!\n");
call    0 never executed
        -:  125:
        -:  126:	  if (DEBUG){
        -:  127:	    printf("Coins: %d < %d\n", state->coins, getCost(choice1));
        -:  128:	  }
        -:  129:	}
        -:  130:	else{
        -:  131:
        -:  132:	  if (DEBUG){
        -:  133:	    printf("Deck Count: %d\n", state->handCount[currentPlayer] + state->deckCount[currentPlayer] + state->discardCount[currentPlayer]);
        -:  134:	  }
        -:  135:
    #####:  136:	  gainCard(choice1, state, 0, currentPlayer);//Gain the card
call    0 never executed
    #####:  137:	  x = 0;//No more buying cards
        -:  138:
        -:  139:	  if (DEBUG){
        -:  140:	    printf("Deck Count: %d\n", state->handCount[currentPlayer] + state->deckCount[currentPlayer] + state->discardCount[currentPlayer]);
        -:  141:	  }
        -:  142:
        -:  143:	}
        -:  144:      }
        -:  145:
        -:  146:      //Reset Hand
    #####:  147:      for (i = 0; i <= state->handCount[currentPlayer]; i++){
branch  0 never executed
branch  1 never executed
    #####:  148:	state->hand[currentPlayer][i] = temphand[i];
    #####:  149:	temphand[i] = -1;
        -:  150:      }
        -:  151:      //Reset Hand
    #####:  152:      return 0;
        -:  153:
        -:  154:}
        -:  155:
function card_Village called 4 returned 100% blocks executed 100%
        4:  156:int card_Village(struct gameState *state, int handPos){
        4:  157:      int currentPlayer = whoseTurn(state);
call    0 returned 100%
        -:  158:      //+1 Card
        4:  159:      drawCard(currentPlayer, state);
call    0 returned 100%
        -:  160:
        -:  161:      //+2 Actions
        4:  162:      state->numActions = state->numActions + 3;
        -:  163:
        -:  164:      //discard played card from hand
        4:  165:      discardCard(handPos, currentPlayer, state, 0);
call    0 returned 100%
        4:  166:      return 0;
        -:  167:
        -:  168:
        -:  169:}
        -:  170:
        -:  171:
function compare called 53188 returned 100% blocks executed 100%
    53188:  172:int compare(const void* a, const void* b) {
    53188:  173:  if (*(int*)a > *(int*)b)
branch  0 taken 50% (fallthrough)
branch  1 taken 50%
    26727:  174:    return 1;
    26461:  175:  if (*(int*)a < *(int*)b)
branch  0 taken 45% (fallthrough)
branch  1 taken 55%
    11965:  176:    return -1;
    14496:  177:  return 0;
        -:  178:}
        -:  179:
function newGame called 0 returned 0% blocks executed 0%
    #####:  180:struct gameState* newGame() {
    #####:  181:  struct gameState* g = malloc(sizeof(struct gameState));
    #####:  182:  return g;
        -:  183:}
        -:  184:
function kingdomCards called 0 returned 0% blocks executed 0%
    #####:  185:int* kingdomCards(int k1, int k2, int k3, int k4, int k5, int k6, int k7,
        -:  186:		  int k8, int k9, int k10) {
    #####:  187:  int* k = malloc(10 * sizeof(int));
    #####:  188:  k[0] = k1;
    #####:  189:  k[1] = k2;
    #####:  190:  k[2] = k3;
    #####:  191:  k[3] = k4;
    #####:  192:  k[4] = k5;
    #####:  193:  k[5] = k6;
    #####:  194:  k[6] = k7;
    #####:  195:  k[7] = k8;
    #####:  196:  k[8] = k9;
    #####:  197:  k[9] = k10;
    #####:  198:  return k;
        -:  199:}
        -:  200:
function initializeGame called 0 returned 0% blocks executed 0%
    #####:  201:int initializeGame(int numPlayers, int kingdomCards[10], int randomSeed,
        -:  202:		   struct gameState *state) {
        -:  203:
        -:  204:  int i;
        -:  205:  int j;
        -:  206:  int it;
        -:  207:  //set up random number generator
    #####:  208:  SelectStream(1);
call    0 never executed
    #####:  209:  PutSeed((long)randomSeed);
call    0 never executed
        -:  210:
        -:  211:  //check number of players
    #####:  212:  if (numPlayers > MAX_PLAYERS || numPlayers < 2)
branch  0 never executed
branch  1 never executed
branch  2 never executed
branch  3 never executed
        -:  213:    {
    #####:  214:      return -1;
        -:  215:    }
        -:  216:
        -:  217:  //set number of players
    #####:  218:  state->numPlayers = numPlayers;
        -:  219:
        -:  220:  //check selected kingdom cards are different
    #####:  221:  for (i = 0; i < 10; i++)
branch  0 never executed
branch  1 never executed
        -:  222:    {
    #####:  223:      for (j = 0; j < 10; j++)
branch  0 never executed
branch  1 never executed
        -:  224:        {
    #####:  225:	  if (j != i && kingdomCards[j] == kingdomCards[i])
branch  0 never executed
branch  1 never executed
branch  2 never executed
branch  3 never executed
        -:  226:	    {
    #####:  227:	      return -1;
        -:  228:	    }
        -:  229:        }
        -:  230:    }
        -:  231:
        -:  232:
        -:  233:  //initialize supply
        -:  234:  ///////////////////////////////
        -:  235:
        -:  236:  //set number of Curse cards
    #####:  237:  if (numPlayers == 2)
branch  0 never executed
branch  1 never executed
        -:  238:    {
    #####:  239:      state->supplyCount[curse] = 10;
        -:  240:    }
    #####:  241:  else if (numPlayers == 3)
branch  0 never executed
branch  1 never executed
        -:  242:    {
    #####:  243:      state->supplyCount[curse] = 20;
        -:  244:    }
        -:  245:  else
        -:  246:    {
    #####:  247:      state->supplyCount[curse] = 30;
        -:  248:    }
        -:  249:
        -:  250:  //set number of Victory cards
    #####:  251:  if (numPlayers == 2)
branch  0 never executed
branch  1 never executed
        -:  252:    {
    #####:  253:      state->supplyCount[estate] = 8;
    #####:  254:      state->supplyCount[duchy] = 8;
    #####:  255:      state->supplyCount[province] = 8;
        -:  256:    }
        -:  257:  else
        -:  258:    {
    #####:  259:      state->supplyCount[estate] = 12;
    #####:  260:      state->supplyCount[duchy] = 12;
    #####:  261:      state->supplyCount[province] = 12;
        -:  262:    }
        -:  263:
        -:  264:  //set number of Treasure cards
    #####:  265:  state->supplyCount[copper] = 60 - (7 * numPlayers);
    #####:  266:  state->supplyCount[silver] = 40;
    #####:  267:  state->supplyCount[gold] = 30;
        -:  268:
        -:  269:  //set number of Kingdom cards
    #####:  270:  for (i = adventurer; i <= treasure_map; i++)       	//loop all cards
branch  0 never executed
branch  1 never executed
        -:  271:    {
    #####:  272:      for (j = 0; j < 10; j++)           		//loop chosen cards
branch  0 never executed
branch  1 never executed
        -:  273:	{
    #####:  274:	  if (kingdomCards[j] == i)
branch  0 never executed
branch  1 never executed
        -:  275:	    {
        -:  276:	      //check if card is a 'Victory' Kingdom card
    #####:  277:	      if (kingdomCards[j] == great_hall || kingdomCards[j] == gardens)
branch  0 never executed
branch  1 never executed
branch  2 never executed
branch  3 never executed
        -:  278:		{
    #####:  279:		  if (numPlayers == 2){
branch  0 never executed
branch  1 never executed
    #####:  280:		    state->supplyCount[i] = 8;
        -:  281:		  }
    #####:  282:		  else{ state->supplyCount[i] = 12; }
        -:  283:		}
        -:  284:	      else
        -:  285:		{
    #####:  286:		  state->supplyCount[i] = 10;
        -:  287:		}
    #####:  288:	      break;
        -:  289:	    }
        -:  290:	  else    //card is not in the set choosen for the game
        -:  291:	    {
    #####:  292:	      state->supplyCount[i] = -1;
        -:  293:	    }
        -:  294:	}
        -:  295:
        -:  296:    }
        -:  297:
        -:  298:  ////////////////////////
        -:  299:  //supply intilization complete
        -:  300:
        -:  301:  //set player decks
    #####:  302:  for (i = 0; i < numPlayers; i++)
branch  0 never executed
branch  1 never executed
        -:  303:    {
    #####:  304:      state->deckCount[i] = 0;
    #####:  305:      for (j = 0; j < 3; j++)
branch  0 never executed
branch  1 never executed
        -:  306:	{
    #####:  307:	  state->deck[i][j] = estate;
    #####:  308:	  state->deckCount[i]++;
        -:  309:	}
    #####:  310:      for (j = 3; j < 10; j++)
branch  0 never executed
branch  1 never executed
        -:  311:	{
    #####:  312:	  state->deck[i][j] = copper;
    #####:  313:	  state->deckCount[i]++;
        -:  314:	}
        -:  315:    }
        -:  316:
        -:  317:  //shuffle player decks
    #####:  318:  for (i = 0; i < numPlayers; i++)
branch  0 never executed
branch  1 never executed
        -:  319:    {
    #####:  320:      if ( shuffle(i, state) < 0 )
call    0 never executed
branch  1 never executed
branch  2 never executed
        -:  321:	{
    #####:  322:	  return -1;
        -:  323:	}
        -:  324:    }
        -:  325:
        -:  326:  //draw player hands
    #####:  327:  for (i = 0; i < numPlayers; i++)
branch  0 never executed
branch  1 never executed
        -:  328:    {
        -:  329:      //initialize hand size to zero
    #####:  330:      state->handCount[i] = 0;
    #####:  331:      state->discardCount[i] = 0;
        -:  332:      //draw 5 cards
        -:  333:      // for (j = 0; j < 5; j++)
        -:  334:      //	{
        -:  335:      //	  drawCard(i, state);
        -:  336:      //	}
        -:  337:    }
        -:  338:
        -:  339:  //set embargo tokens to 0 for all supply piles
    #####:  340:  for (i = 0; i <= treasure_map; i++)
branch  0 never executed
branch  1 never executed
        -:  341:    {
    #####:  342:      state->embargoTokens[i] = 0;
        -:  343:    }
        -:  344:
        -:  345:  //initialize first player's turn
    #####:  346:  state->outpostPlayed = 0;
    #####:  347:  state->phase = 0;
    #####:  348:  state->numActions = 1;
    #####:  349:  state->numBuys = 1;
    #####:  350:  state->playedCardCount = 0;
    #####:  351:  state->whoseTurn = 0;
    #####:  352:  state->handCount[state->whoseTurn] = 0;
        -:  353:  //int it; move to top
        -:  354:
        -:  355:  //Moved draw cards to here, only drawing at the start of a turn
    #####:  356:  for (it = 0; it < 5; it++){
branch  0 never executed
branch  1 never executed
    #####:  357:    drawCard(state->whoseTurn, state);
call    0 never executed
        -:  358:  }
        -:  359:
    #####:  360:  updateCoins(state->whoseTurn, state, 0);
call    0 never executed
        -:  361:
    #####:  362:  return 0;
        -:  363:}
        -:  364:
function shuffle called 39 returned 100% blocks executed 100%
       39:  365:int shuffle(int player, struct gameState *state) {
        -:  366:
        -:  367:
        -:  368:  int newDeck[MAX_DECK];
       39:  369:  int newDeckPos = 0;
        -:  370:  int card;
        -:  371:  int i;
        -:  372:
       39:  373:  if (state->deckCount[player] < 1)
branch  0 taken 5% (fallthrough)
branch  1 taken 95%
        2:  374:    return -1;
       37:  375:  qsort ((void*)(state->deck[player]), state->deckCount[player], sizeof(int), compare);
call    0 returned 100%
        -:  376:  /* SORT CARDS IN DECK TO ENSURE DETERMINISM! */
        -:  377:
     7815:  378:  while (state->deckCount[player] > 0) {
branch  0 taken 99%
branch  1 taken 1% (fallthrough)
     7741:  379:    card = floor(Random() * state->deckCount[player]);
call    0 returned 100%
     7741:  380:    newDeck[newDeckPos] = state->deck[player][card];
     7741:  381:    newDeckPos++;
   628305:  382:    for (i = card; i < state->deckCount[player]-1; i++) {
branch  0 taken 99%
branch  1 taken 1% (fallthrough)
   620564:  383:      state->deck[player][i] = state->deck[player][i+1];
        -:  384:    }
     7741:  385:    state->deckCount[player]--;
        -:  386:  }
     7778:  387:  for (i = 0; i < newDeckPos; i++) {
branch  0 taken 99%
branch  1 taken 1% (fallthrough)
     7741:  388:    state->deck[player][i] = newDeck[i];
     7741:  389:    state->deckCount[player]++;
        -:  390:  }
        -:  391:
       37:  392:  return 0;
        -:  393:}
        -:  394:
function playCard called 0 returned 0% blocks executed 0%
    #####:  395:int playCard(int handPos, int choice1, int choice2, int choice3, struct gameState *state)
        -:  396:{
        -:  397:  int card;
    #####:  398:  int coin_bonus = 0; 		//tracks coins gain from actions
        -:  399:
        -:  400:  //check if it is the right phase
    #####:  401:  if (state->phase != 0)
branch  0 never executed
branch  1 never executed
        -:  402:    {
    #####:  403:      return -1;
        -:  404:    }
        -:  405:
        -:  406:  //check if player has enough actions
    #####:  407:  if ( state->numActions < 1 )
branch  0 never executed
branch  1 never executed
        -:  408:    {
    #####:  409:      return -1;
        -:  410:    }
        -:  411:
        -:  412:  //get card played
    #####:  413:  card = handCard(handPos, state);
call    0 never executed
        -:  414:
        -:  415:  //check if selected card is an action
    #####:  416:  if ( card < adventurer || card > treasure_map )
branch  0 never executed
branch  1 never executed
branch  2 never executed
branch  3 never executed
        -:  417:    {
    #####:  418:      return -1;
        -:  419:    }
        -:  420:
        -:  421:  //play card
    #####:  422:  if ( cardEffect(card, choice1, choice2, choice3, state, handPos, &coin_bonus) < 0 )
call    0 never executed
branch  1 never executed
branch  2 never executed
        -:  423:    {
    #####:  424:      return -1;
        -:  425:    }
        -:  426:
        -:  427:  //reduce number of actions
    #####:  428:  state->numActions--;
        -:  429:
        -:  430:  //update coins (Treasure cards may be added with card draws)
    #####:  431:  updateCoins(state->whoseTurn, state, coin_bonus);
call    0 never executed
        -:  432:
    #####:  433:  return 0;
        -:  434:}
        -:  435:
function buyCard called 0 returned 0% blocks executed 0%
    #####:  436:int buyCard(int supplyPos, struct gameState *state) {
        -:  437:  int who;
        -:  438:  if (DEBUG){
        -:  439:    printf("Entering buyCard...\n");
        -:  440:  }
        -:  441:
        -:  442:  // I don't know what to do about the phase thing.
        -:  443:
    #####:  444:  who = state->whoseTurn;
        -:  445:
    #####:  446:  if (state->numBuys < 1){
branch  0 never executed
branch  1 never executed
        -:  447:    if (DEBUG)
        -:  448:      printf("You do not have any buys left\n");
    #####:  449:    return -1;
    #####:  450:  } else if (supplyCount(supplyPos, state) <1){
call    0 never executed
branch  1 never executed
branch  2 never executed
        -:  451:    if (DEBUG)
        -:  452:      printf("There are not any of that type of card left\n");
    #####:  453:    return -1;
    #####:  454:  } else if (state->coins < getCost(supplyPos)){
call    0 never executed
branch  1 never executed
branch  2 never executed
        -:  455:    if (DEBUG)
        -:  456:      printf("You do not have enough money to buy that. You have %d coins.\n", state->coins);
    #####:  457:    return -1;
        -:  458:  } else {
    #####:  459:    state->phase=1;
        -:  460:    //state->supplyCount[supplyPos]--;
    #####:  461:    gainCard(supplyPos, state, 0, who); //card goes in discard, this might be wrong.. (2 means goes into hand, 0 goes into discard)
call    0 never executed
        -:  462:
    #####:  463:    state->coins = (state->coins) - (getCost(supplyPos));
call    0 never executed
    #####:  464:    state->numBuys--;
        -:  465:    if (DEBUG)
        -:  466:      printf("You bought card number %d for %d coins. You now have %d buys and %d coins.\n", supplyPos, getCost(supplyPos), state->numBuys, state->coins);
        -:  467:  }
        -:  468:
        -:  469:  //state->discard[who][state->discardCount[who]] = supplyPos;
        -:  470:  //state->discardCount[who]++;
        -:  471:
    #####:  472:  return 0;
        -:  473:}
        -:  474:
function numHandCards called 0 returned 0% blocks executed 0%
    #####:  475:int numHandCards(struct gameState *state) {
    #####:  476:  return state->handCount[ whoseTurn(state) ];
call    0 never executed
        -:  477:}
        -:  478:
function handCard called 0 returned 0% blocks executed 0%
    #####:  479:int handCard(int handPos, struct gameState *state) {
    #####:  480:  int currentPlayer = whoseTurn(state);
call    0 never executed
    #####:  481:  return state->hand[currentPlayer][handPos];
        -:  482:}
        -:  483:
function supplyCount called 0 returned 0% blocks executed 0%
    #####:  484:int supplyCount(int card, struct gameState *state) {
    #####:  485:  return state->supplyCount[card];
        -:  486:}
        -:  487:
function fullDeckCount called 972 returned 100% blocks executed 100%
      972:  488:int fullDeckCount(int player, int card, struct gameState *state) {
        -:  489:  int i;
      972:  490:  int count = 0;
        -:  491:
   209844:  492:  for (i = 0; i < state->deckCount[player]; i++)
branch  0 taken 99%
branch  1 taken 1% (fallthrough)
        -:  493:    {
   208872:  494:      if (state->deck[player][i] == card) count++;
branch  0 taken 32% (fallthrough)
branch  1 taken 68%
        -:  495:    }
        -:  496:
   270378:  497:  for (i = 0; i < state->handCount[player]; i++)
branch  0 taken 99%
branch  1 taken 1% (fallthrough)
        -:  498:    {
   269406:  499:      if (state->hand[player][i] == card) count++;
branch  0 taken 30% (fallthrough)
branch  1 taken 70%
        -:  500:    }
        -:  501:
   202419:  502:  for (i = 0; i < state->discardCount[player]; i++)
branch  0 taken 99%
branch  1 taken 1% (fallthrough)
        -:  503:    {
   201447:  504:      if (state->discard[player][i] == card) count++;
branch  0 taken 26% (fallthrough)
branch  1 taken 74%
        -:  505:    }
        -:  506:
      972:  507:  return count;
        -:  508:}
        -:  509:
function whoseTurn called 13 returned 100% blocks executed 100%
       13:  510:int whoseTurn(struct gameState *state) {
       13:  511:  return state->whoseTurn;
        -:  512:}
        -:  513:
function endTurn called 0 returned 0% blocks executed 0%
    #####:  514:int endTurn(struct gameState *state) {
        -:  515:  int k;
        -:  516:  int i;
    #####:  517:  int currentPlayer = whoseTurn(state);
call    0 never executed
        -:  518:
        -:  519:  //Discard hand
    #####:  520:  for (i = 0; i < state->handCount[currentPlayer]; i++){
branch  0 never executed
branch  1 never executed
    #####:  521:    state->discard[currentPlayer][state->discardCount[currentPlayer]++] = state->hand[currentPlayer][i];//Discard
    #####:  522:    state->hand[currentPlayer][i] = -1;//Set card to -1
        -:  523:  }
    #####:  524:  state->handCount[currentPlayer] = 0;//Reset hand count
        -:  525:
        -:  526:  //Code for determining the player
    #####:  527:  if (currentPlayer < (state->numPlayers - 1)){
branch  0 never executed
branch  1 never executed
    #####:  528:    state->whoseTurn = currentPlayer + 1;//Still safe to increment
        -:  529:  }
        -:  530:  else{
    #####:  531:    state->whoseTurn = 0;//Max player has been reached, loop back around to player 1
        -:  532:  }
        -:  533:
    #####:  534:  state->outpostPlayed = 0;
    #####:  535:  state->phase = 0;
    #####:  536:  state->numActions = 1;
    #####:  537:  state->coins = 0;
    #####:  538:  state->numBuys = 1;
    #####:  539:  state->playedCardCount = 0;
    #####:  540:  state->handCount[state->whoseTurn] = 0;
        -:  541:
        -:  542:  //int k; move to top
        -:  543:  //Next player draws hand
    #####:  544:  for (k = 0; k < 5; k++){
branch  0 never executed
branch  1 never executed
    #####:  545:    drawCard(state->whoseTurn, state);//Draw a card
call    0 never executed
        -:  546:  }
        -:  547:
        -:  548:  //Update money
    #####:  549:  updateCoins(state->whoseTurn, state , 0);
call    0 never executed
        -:  550:
    #####:  551:  return 0;
        -:  552:}
        -:  553:
function isGameOver called 25 returned 100% blocks executed 100%
       25:  554:int isGameOver(struct gameState *state) {
        -:  555:  int i;
        -:  556:  int j;
        -:  557:
        -:  558:  //if stack of Province cards is empty, the game ends
       25:  559:  if (state->supplyCount[province] == 0)
branch  0 taken 16% (fallthrough)
branch  1 taken 84%
        -:  560:    {
        4:  561:      return 1;
        -:  562:    }
        -:  563:
        -:  564:  //if three supply pile are at 0, the game ends
       21:  565:  j = 0;
      546:  566:  for (i = 0; i < 25; i++)
branch  0 taken 96%
branch  1 taken 4% (fallthrough)
        -:  567:    {
      525:  568:      if (state->supplyCount[i] == 0)
branch  0 taken 14% (fallthrough)
branch  1 taken 86%
        -:  569:	{
       75:  570:	  j++;
        -:  571:	}
        -:  572:    }
       21:  573:  if ( j >= 3)
branch  0 taken 14% (fallthrough)
branch  1 taken 86%
        -:  574:    {
        3:  575:      return 1;
        -:  576:    }
        -:  577:
       18:  578:  return 0;
        -:  579:}
        -:  580:
function scoreFor called 0 returned 0% blocks executed 0%
    #####:  581:int scoreFor (int player, struct gameState *state) {
        -:  582:
        -:  583:  int i;
    #####:  584:  int score = 0;
        -:  585:  //score from hand
    #####:  586:  for (i = 0; i < state->handCount[player]; i++)
branch  0 never executed
branch  1 never executed
        -:  587:    {
    #####:  588:      if (state->hand[player][i] == curse) { score = score - 1; };
branch  0 never executed
branch  1 never executed
    #####:  589:      if (state->hand[player][i] == estate) { score = score + 1; };
branch  0 never executed
branch  1 never executed
    #####:  590:      if (state->hand[player][i] == duchy) { score = score + 3; };
branch  0 never executed
branch  1 never executed
    #####:  591:      if (state->hand[player][i] == province) { score = score + 6; };
branch  0 never executed
branch  1 never executed
    #####:  592:      if (state->hand[player][i] == great_hall) { score = score + 1; };
branch  0 never executed
branch  1 never executed
    #####:  593:      if (state->hand[player][i] == gardens) { score = score + ( fullDeckCount(player, 0, state) / 10 ); };
branch  0 never executed
branch  1 never executed
call    2 never executed
        -:  594:    }
        -:  595:
        -:  596:  //score from discard
    #####:  597:  for (i = 0; i < state->discardCount[player]; i++)
branch  0 never executed
branch  1 never executed
        -:  598:    {
    #####:  599:      if (state->discard[player][i] == curse) { score = score - 1; };
branch  0 never executed
branch  1 never executed
    #####:  600:      if (state->discard[player][i] == estate) { score = score + 1; };
branch  0 never executed
branch  1 never executed
    #####:  601:      if (state->discard[player][i] == duchy) { score = score + 3; };
branch  0 never executed
branch  1 never executed
    #####:  602:      if (state->discard[player][i] == province) { score = score + 6; };
branch  0 never executed
branch  1 never executed
    #####:  603:      if (state->discard[player][i] == great_hall) { score = score + 1; };
branch  0 never executed
branch  1 never executed
    #####:  604:      if (state->discard[player][i] == gardens) { score = score + ( fullDeckCount(player, 0, state) / 10 ); };
branch  0 never executed
branch  1 never executed
call    2 never executed
        -:  605:    }
        -:  606:
        -:  607:  //score from deck
    #####:  608:  for (i = 0; i < state->discardCount[player]; i++)
branch  0 never executed
branch  1 never executed
        -:  609:    {
    #####:  610:      if (state->deck[player][i] == curse) { score = score - 1; };
branch  0 never executed
branch  1 never executed
    #####:  611:      if (state->deck[player][i] == estate) { score = score + 1; };
branch  0 never executed
branch  1 never executed
    #####:  612:      if (state->deck[player][i] == duchy) { score = score + 3; };
branch  0 never executed
branch  1 never executed
    #####:  613:      if (state->deck[player][i] == province) { score = score + 6; };
branch  0 never executed
branch  1 never executed
    #####:  614:      if (state->deck[player][i] == great_hall) { score = score + 1; };
branch  0 never executed
branch  1 never executed
    #####:  615:      if (state->deck[player][i] == gardens) { score = score + ( fullDeckCount(player, 0, state) / 10 ); };
branch  0 never executed
branch  1 never executed
call    2 never executed
        -:  616:    }
        -:  617:
    #####:  618:  return score;
        -:  619:}
        -:  620:
function getWinners called 0 returned 0% blocks executed 0%
    #####:  621:int getWinners(int players[MAX_PLAYERS], struct gameState *state) {
        -:  622:  int i;
        -:  623:  int j;
        -:  624:  int highScore;
        -:  625:  int currentPlayer;
        -:  626:
        -:  627:  //get score for each player
    #####:  628:  for (i = 0; i < MAX_PLAYERS; i++)
branch  0 never executed
branch  1 never executed
        -:  629:    {
        -:  630:      //set unused player scores to -9999
    #####:  631:      if (i >= state->numPlayers)
branch  0 never executed
branch  1 never executed
        -:  632:	{
    #####:  633:	  players[i] = -9999;
        -:  634:	}
        -:  635:      else
        -:  636:	{
    #####:  637:	  players[i] = scoreFor (i, state);
call    0 never executed
        -:  638:	}
        -:  639:    }
        -:  640:
        -:  641:  //find highest score
    #####:  642:  j = 0;
    #####:  643:  for (i = 0; i < MAX_PLAYERS; i++)
branch  0 never executed
branch  1 never executed
        -:  644:    {
    #####:  645:      if (players[i] > players[j])
branch  0 never executed
branch  1 never executed
        -:  646:	{
    #####:  647:	  j = i;
        -:  648:	}
        -:  649:    }
    #####:  650:  highScore = players[j];
        -:  651:
        -:  652:  //add 1 to players who had less turns
    #####:  653:  currentPlayer = whoseTurn(state);
call    0 never executed
    #####:  654:  for (i = 0; i < MAX_PLAYERS; i++)
branch  0 never executed
branch  1 never executed
        -:  655:    {
    #####:  656:      if ( players[i] == highScore && i > currentPlayer )
branch  0 never executed
branch  1 never executed
branch  2 never executed
branch  3 never executed
        -:  657:	{
    #####:  658:	  players[i]++;
        -:  659:	}
        -:  660:    }
        -:  661:
        -:  662:  //find new highest score
    #####:  663:  j = 0;
    #####:  664:  for (i = 0; i < MAX_PLAYERS; i++)
branch  0 never executed
branch  1 never executed
        -:  665:    {
    #####:  666:      if ( players[i] > players[j] )
branch  0 never executed
branch  1 never executed
        -:  667:	{
    #####:  668:	  j = i;
        -:  669:	}
        -:  670:    }
    #####:  671:  highScore = players[j];
        -:  672:
        -:  673:  //set winners in array to 1 and rest to 0
    #####:  674:  for (i = 0; i < MAX_PLAYERS; i++)
branch  0 never executed
branch  1 never executed
        -:  675:    {
    #####:  676:      if ( players[i] == highScore )
branch  0 never executed
branch  1 never executed
        -:  677:	{
    #####:  678:	  players[i] = 1;
        -:  679:	}
        -:  680:      else
        -:  681:	{
    #####:  682:	  players[i] = 0;
        -:  683:	}
        -:  684:    }
        -:  685:
    #####:  686:  return 0;
        -:  687:}
        -:  688:
function drawCard called 22 returned 100% blocks executed 92%
       22:  689:int drawCard(int player, struct gameState *state)
        -:  690:{	int count;
        -:  691:  int deckCounter;
       22:  692:  if (state->deckCount[player] <= 0){//Deck is empty
branch  0 taken 5% (fallthrough)
branch  1 taken 95%
        -:  693:
        -:  694:    //Step 1 Shuffle the discard pile back into a deck
        -:  695:    int i;
        -:  696:    //Move discard to deck
        6:  697:    for (i = 0; i < state->discardCount[player];i++){
branch  0 taken 83%
branch  1 taken 17% (fallthrough)
        5:  698:      state->deck[player][i] = state->discard[player][i];
        5:  699:      state->discard[player][i] = -1;
        -:  700:    }
        -:  701:
        1:  702:    state->deckCount[player] = state->discardCount[player];
        1:  703:    state->discardCount[player] = 0;//Reset discard
        -:  704:
        -:  705:    //Shufffle the deck
        1:  706:    shuffle(player, state);//Shuffle the deck up and make it so that we can draw
call    0 returned 100%
        -:  707:
        -:  708:    if (DEBUG){//Debug statements
        -:  709:      printf("Deck count now: %d\n", state->deckCount[player]);
        -:  710:    }
        -:  711:
        1:  712:    state->discardCount[player] = 0;
        -:  713:
        -:  714:    //Step 2 Draw Card
        1:  715:    count = state->handCount[player];//Get current player's hand count
        -:  716:
        -:  717:    if (DEBUG){//Debug statements
        -:  718:      printf("Current hand count: %d\n", count);
        -:  719:    }
        -:  720:
        1:  721:    deckCounter = state->deckCount[player];//Create a holder for the deck count
        -:  722:
        1:  723:    if (deckCounter == 0)
branch  0 taken 0% (fallthrough)
branch  1 taken 100%
    #####:  724:      return -1;
        -:  725:
        1:  726:    state->hand[player][count] = state->deck[player][deckCounter - 1];//Add card to hand
        1:  727:    state->deckCount[player]--;
        1:  728:    state->handCount[player]++;//Increment hand count
        -:  729:  }
        -:  730:
        -:  731:  else{
       21:  732:    int count = state->handCount[player];//Get current hand count for player
        -:  733:    int deckCounter;
        -:  734:    if (DEBUG){//Debug statements
        -:  735:      printf("Current hand count: %d\n", count);
        -:  736:    }
        -:  737:
       21:  738:    deckCounter = state->deckCount[player];//Create holder for the deck count
       21:  739:    state->hand[player][count] = state->deck[player][deckCounter - 1];//Add card to the hand
       21:  740:    state->deckCount[player]--;
       21:  741:    state->handCount[player]++;//Increment hand count
        -:  742:  }
        -:  743:
       22:  744:  return 0;
        -:  745:}
        -:  746:
function getCost called 0 returned 0% blocks executed 0%
    #####:  747:int getCost(int cardNumber)
        -:  748:{
    #####:  749:  switch( cardNumber )
branch  0 never executed
branch  1 never executed
branch  2 never executed
branch  3 never executed
branch  4 never executed
branch  5 never executed
branch  6 never executed
branch  7 never executed
branch  8 never executed
branch  9 never executed
branch 10 never executed
branch 11 never executed
branch 12 never executed
branch 13 never executed
branch 14 never executed
branch 15 never executed
branch 16 never executed
branch 17 never executed
branch 18 never executed
branch 19 never executed
branch 20 never executed
branch 21 never executed
branch 22 never executed
branch 23 never executed
branch 24 never executed
branch 25 never executed
branch 26 never executed
branch 27 never executed
        -:  750:    {
        -:  751:    case curse:
    #####:  752:      return 0;
        -:  753:    case estate:
    #####:  754:      return 2;
        -:  755:    case duchy:
    #####:  756:      return 5;
        -:  757:    case province:
    #####:  758:      return 8;
        -:  759:    case copper:
    #####:  760:      return 0;
        -:  761:    case silver:
    #####:  762:      return 3;
        -:  763:    case gold:
    #####:  764:      return 6;
        -:  765:    case adventurer:
    #####:  766:      return 6;
        -:  767:    case council_room:
    #####:  768:      return 5;
        -:  769:    case feast:
    #####:  770:      return 4;
        -:  771:    case gardens:
    #####:  772:      return 4;
        -:  773:    case mine:
    #####:  774:      return 5;
        -:  775:    case remodel:
    #####:  776:      return 4;
        -:  777:    case smithy:
    #####:  778:      return 4;
        -:  779:    case village:
    #####:  780:      return 3;
        -:  781:    case baron:
    #####:  782:      return 4;
        -:  783:    case great_hall:
    #####:  784:      return 3;
        -:  785:    case minion:
    #####:  786:      return 5;
        -:  787:    case steward:
    #####:  788:      return 3;
        -:  789:    case tribute:
    #####:  790:      return 5;
        -:  791:    case ambassador:
    #####:  792:      return 3;
        -:  793:    case cutpurse:
    #####:  794:      return 4;
        -:  795:    case embargo:
    #####:  796:      return 2;
        -:  797:    case outpost:
    #####:  798:      return 5;
        -:  799:    case salvager:
    #####:  800:      return 4;
        -:  801:    case sea_hag:
    #####:  802:      return 4;
        -:  803:    case treasure_map:
    #####:  804:      return 4;
        -:  805:    }
        -:  806:
    #####:  807:  return -1;
        -:  808:}
        -:  809:
function cardEffect called 0 returned 0% blocks executed 0%
    #####:  810:int cardEffect(int card, int choice1, int choice2, int choice3, struct gameState *state, int handPos, int *bonus)
        -:  811:{
        -:  812:  int i;
        -:  813:  int j;
        -:  814:  int k;
        -:  815:  int x;
        -:  816:  int index;
    #####:  817:  int currentPlayer = whoseTurn(state);
call    0 never executed
    #####:  818:  int nextPlayer = currentPlayer + 1;
        -:  819:
    #####:  820:  int tributeRevealedCards[2] = {-1, -1};
        -:  821:  int temphand[MAX_HAND];// moved above the if statement
    #####:  822:  int drawntreasure=0;
        -:  823:  int cardDrawn;
    #####:  824:  int z = 0;// this is the counter for the temp hand
    #####:  825:  if (nextPlayer > (state->numPlayers - 1)){
branch  0 never executed
branch  1 never executed
    #####:  826:    nextPlayer = 0;
        -:  827:  }
        -:  828:
        -:  829:
        -:  830:
        -:  831:
        -:  832:
        -:  833:
        -:  834:
        -:  835:
        -:  836:
        -:  837:
        -:  838:
        -:  839:
        -:  840:
        -:  841:
        -:  842:
        -:  843:
        -:  844:
        -:  845:
        -:  846:
        -:  847:
        -:  848:  //uses switch to select card and perform actions
    #####:  849:  switch( card )
branch  0 never executed
branch  1 never executed
branch  2 never executed
branch  3 never executed
branch  4 never executed
branch  5 never executed
branch  6 never executed
branch  7 never executed
branch  8 never executed
branch  9 never executed
branch 10 never executed
branch 11 never executed
branch 12 never executed
branch 13 never executed
branch 14 never executed
branch 15 never executed
branch 16 never executed
branch 17 never executed
branch 18 never executed
branch 19 never executed
branch 20 never executed
        -:  850:    {
        -:  851:    case adventurer:
        -:  852:
    #####:  853:    card_Adventurer(state);
call    0 never executed
        -:  854:
        -:  855:
        -:  856:
    #####:  857:      return 0;
        -:  858:
        -:  859:    case council_room:
        -:  860:      //+4 Cards
    #####:  861:    card_Council_Room(state, handPos);
call    0 never executed
        -:  862:
    #####:  863:      return 0;
        -:  864:
        -:  865:
        -:  866:
        -:  867:
        -:  868:
        -:  869:
        -:  870:    case feast:
        -:  871:
        -:  872:
    #####:  873:    card_Feast(state, choice1);
call    0 never executed
        -:  874:
    #####:  875:      return 0;
        -:  876:
        -:  877:    case gardens:
    #####:  878:      return -1;
        -:  879:
        -:  880:    case mine:
    #####:  881:      j = state->hand[currentPlayer][choice1];  //store card we will trash
        -:  882:
    #####:  883:      if (state->hand[currentPlayer][choice1] < copper || state->hand[currentPlayer][choice1] > gold)
branch  0 never executed
branch  1 never executed
branch  2 never executed
branch  3 never executed
        -:  884:	{
    #####:  885:	  return -1;
        -:  886:	}
        -:  887:
    #####:  888:      if (choice2 > treasure_map || choice2 < curse)
branch  0 never executed
branch  1 never executed
branch  2 never executed
branch  3 never executed
        -:  889:	{
    #####:  890:	  return -1;
        -:  891:	}
        -:  892:
    #####:  893:      if ( (getCost(state->hand[currentPlayer][choice1]) + 3) > getCost(choice2) )
call    0 never executed
call    1 never executed
branch  2 never executed
branch  3 never executed
        -:  894:	{
    #####:  895:	  return -1;
        -:  896:	}
        -:  897:
    #####:  898:      gainCard(choice2, state, 2, currentPlayer);
call    0 never executed
        -:  899:
        -:  900:      //discard card from hand
    #####:  901:      discardCard(handPos, currentPlayer, state, 0);
call    0 never executed
        -:  902:
        -:  903:      //discard trashed card
    #####:  904:      for (i = 0; i < state->handCount[currentPlayer]; i++)
branch  0 never executed
branch  1 never executed
        -:  905:	{
    #####:  906:	  if (state->hand[currentPlayer][i] == j)
branch  0 never executed
branch  1 never executed
        -:  907:	    {
    #####:  908:	      discardCard(i, currentPlayer, state, 0);
call    0 never executed
    #####:  909:	      break;
        -:  910:	    }
        -:  911:	}
        -:  912:
    #####:  913:      return 0;
        -:  914:
        -:  915:    case remodel:
    #####:  916:      j = state->hand[currentPlayer][choice1];  //store card we will trash
        -:  917:
    #####:  918:      if ( (getCost(state->hand[currentPlayer][choice1]) + 2) > getCost(choice2) )
call    0 never executed
call    1 never executed
branch  2 never executed
branch  3 never executed
        -:  919:	{
    #####:  920:	  return -1;
        -:  921:	}
        -:  922:
    #####:  923:      gainCard(choice2, state, 0, currentPlayer);
call    0 never executed
        -:  924:
        -:  925:      //discard card from hand
    #####:  926:      discardCard(handPos, currentPlayer, state, 0);
call    0 never executed
        -:  927:
        -:  928:      //discard trashed card
    #####:  929:      for (i = 0; i < state->handCount[currentPlayer]; i++)
branch  0 never executed
branch  1 never executed
        -:  930:	{
    #####:  931:	  if (state->hand[currentPlayer][i] == j)
branch  0 never executed
branch  1 never executed
        -:  932:	    {
    #####:  933:	      discardCard(i, currentPlayer, state, 0);
call    0 never executed
    #####:  934:	      break;
        -:  935:	    }
        -:  936:	}
        -:  937:
        -:  938:
    #####:  939:      return 0;
        -:  940:
        -:  941:    case smithy:
        -:  942:      //+3 Cards
    #####:  943:  card_Smithy(state,handPos);
call    0 never executed
    #####:  944:      return 0;
        -:  945:
        -:  946:    case village:
    #####:  947:        card_Village(state, handPos);
call    0 never executed
    #####:  948:        return 0;
        -:  949:
        -:  950:    case baron:
    #####:  951:      state->numBuys++;//Increase buys by 1!
    #####:  952:      if (choice1 > 0){//Boolean true or going to discard an estate
branch  0 never executed
branch  1 never executed
    #####:  953:	int p = 0;//Iterator for hand!
    #####:  954:	int card_not_discarded = 1;//Flag for discard set!
    #####:  955:	while(card_not_discarded){
branch  0 never executed
branch  1 never executed
    #####:  956:	  if (state->hand[currentPlayer][p] == estate){//Found an estate card!
branch  0 never executed
branch  1 never executed
    #####:  957:	    state->coins += 4;//Add 4 coins to the amount of coins
    #####:  958:	    state->discard[currentPlayer][state->discardCount[currentPlayer]] = state->hand[currentPlayer][p];
    #####:  959:	    state->discardCount[currentPlayer]++;
    #####:  960:	    for (;p < state->handCount[currentPlayer]; p++){
branch  0 never executed
branch  1 never executed
    #####:  961:	      state->hand[currentPlayer][p] = state->hand[currentPlayer][p+1];
        -:  962:	    }
    #####:  963:	    state->hand[currentPlayer][state->handCount[currentPlayer]] = -1;
    #####:  964:	    state->handCount[currentPlayer]--;
    #####:  965:	    card_not_discarded = 0;//Exit the loop
        -:  966:	  }
    #####:  967:	  else if (p > state->handCount[currentPlayer]){
branch  0 never executed
branch  1 never executed
        -:  968:	    if(DEBUG) {
        -:  969:	      printf("No estate cards in your hand, invalid choice\n");
        -:  970:	      printf("Must gain an estate if there are any\n");
        -:  971:	    }
    #####:  972:	    if (supplyCount(estate, state) > 0){
call    0 never executed
branch  1 never executed
branch  2 never executed
    #####:  973:	      gainCard(estate, state, 0, currentPlayer);
call    0 never executed
    #####:  974:	      state->supplyCount[estate]--;//Decrement estates
    #####:  975:	      if (supplyCount(estate, state) == 0){
call    0 never executed
branch  1 never executed
branch  2 never executed
    #####:  976:		isGameOver(state);
call    0 never executed
        -:  977:	      }
        -:  978:	    }
    #####:  979:	    card_not_discarded = 0;//Exit the loop
        -:  980:	  }
        -:  981:
        -:  982:	  else{
    #####:  983:	    p++;//Next card
        -:  984:	  }
        -:  985:	}
        -:  986:      }
        -:  987:
        -:  988:      else{
    #####:  989:	if (supplyCount(estate, state) > 0){
call    0 never executed
branch  1 never executed
branch  2 never executed
    #####:  990:	  gainCard(estate, state, 0, currentPlayer);//Gain an estate
call    0 never executed
    #####:  991:	  state->supplyCount[estate]--;//Decrement Estates
    #####:  992:	  if (supplyCount(estate, state) == 0){
call    0 never executed
branch  1 never executed
branch  2 never executed
    #####:  993:	    isGameOver(state);
call    0 never executed
        -:  994:	  }
        -:  995:	}
        -:  996:      }
        -:  997:
        -:  998:
    #####:  999:      return 0;
        -: 1000:
        -: 1001:    case great_hall:
        -: 1002:      //+1 Card
    #####: 1003:      drawCard(currentPlayer, state);
call    0 never executed
        -: 1004:
        -: 1005:      //+1 Actions
    #####: 1006:      state->numActions++;
        -: 1007:
        -: 1008:      //discard card from hand
    #####: 1009:      discardCard(handPos, currentPlayer, state, 0);
call    0 never executed
    #####: 1010:      return 0;
        -: 1011:
        -: 1012:    case minion:
        -: 1013:      //+1 action
    #####: 1014:      state->numActions++;
        -: 1015:
        -: 1016:      //discard card from hand
    #####: 1017:      discardCard(handPos, currentPlayer, state, 0);
call    0 never executed
        -: 1018:
    #####: 1019:      if (choice1)		//+2 coins
branch  0 never executed
branch  1 never executed
        -: 1020:	{
    #####: 1021:	  state->coins = state->coins + 2;
        -: 1022:	}
        -: 1023:
    #####: 1024:      else if (choice2)		//discard hand, redraw 4, other players with 5+ cards discard hand and draw 4
branch  0 never executed
branch  1 never executed
        -: 1025:	{
        -: 1026:	  //discard hand
    #####: 1027:	  while(numHandCards(state) > 0)
call    0 never executed
branch  1 never executed
branch  2 never executed
        -: 1028:	    {
    #####: 1029:	      discardCard(handPos, currentPlayer, state, 0);
call    0 never executed
        -: 1030:	    }
        -: 1031:
        -: 1032:	  //draw 4
    #####: 1033:	  for (i = 0; i < 4; i++)
branch  0 never executed
branch  1 never executed
        -: 1034:	    {
    #####: 1035:	      drawCard(currentPlayer, state);
call    0 never executed
        -: 1036:	    }
        -: 1037:
        -: 1038:	  //other players discard hand and redraw if hand size > 4
    #####: 1039:	  for (i = 0; i < state->numPlayers; i++)
branch  0 never executed
branch  1 never executed
        -: 1040:	    {
    #####: 1041:	      if (i != currentPlayer)
branch  0 never executed
branch  1 never executed
        -: 1042:		{
    #####: 1043:		  if ( state->handCount[i] > 4 )
branch  0 never executed
branch  1 never executed
        -: 1044:		    {
        -: 1045:		      //discard hand
    #####: 1046:		      while( state->handCount[i] > 0 )
branch  0 never executed
branch  1 never executed
        -: 1047:			{
    #####: 1048:			  discardCard(handPos, i, state, 0);
call    0 never executed
        -: 1049:			}
        -: 1050:
        -: 1051:		      //draw 4
    #####: 1052:		      for (j = 0; j < 4; j++)
branch  0 never executed
branch  1 never executed
        -: 1053:			{
    #####: 1054:			  drawCard(i, state);
call    0 never executed
        -: 1055:			}
        -: 1056:		    }
        -: 1057:		}
        -: 1058:	    }
        -: 1059:
        -: 1060:	}
    #####: 1061:      return 0;
        -: 1062:
        -: 1063:    case steward:
    #####: 1064:      if (choice1 == 1)
branch  0 never executed
branch  1 never executed
        -: 1065:	{
        -: 1066:	  //+2 cards
    #####: 1067:	  drawCard(currentPlayer, state);
call    0 never executed
    #####: 1068:	  drawCard(currentPlayer, state);
call    0 never executed
        -: 1069:	}
    #####: 1070:      else if (choice1 == 2)
branch  0 never executed
branch  1 never executed
        -: 1071:	{
        -: 1072:	  //+2 coins
    #####: 1073:	  state->coins = state->coins + 2;
        -: 1074:	}
        -: 1075:      else
        -: 1076:	{
        -: 1077:	  //trash 2 cards in hand
    #####: 1078:	  discardCard(choice2, currentPlayer, state, 1);
call    0 never executed
    #####: 1079:	  discardCard(choice3, currentPlayer, state, 1);
call    0 never executed
        -: 1080:	}
        -: 1081:
        -: 1082:      //discard card from hand
    #####: 1083:      discardCard(handPos, currentPlayer, state, 0);
call    0 never executed
    #####: 1084:      return 0;
        -: 1085:
        -: 1086:    case tribute:
    #####: 1087:      if ((state->discardCount[nextPlayer] + state->deckCount[nextPlayer]) <= 1){
branch  0 never executed
branch  1 never executed
    #####: 1088:	if (state->deckCount[nextPlayer] > 0){
branch  0 never executed
branch  1 never executed
    #####: 1089:	  tributeRevealedCards[0] = state->deck[nextPlayer][state->deckCount[nextPlayer]-1];
    #####: 1090:	  state->deckCount[nextPlayer]--;
        -: 1091:	}
    #####: 1092:	else if (state->discardCount[nextPlayer] > 0){
branch  0 never executed
branch  1 never executed
    #####: 1093:	  tributeRevealedCards[0] = state->discard[nextPlayer][state->discardCount[nextPlayer]-1];
    #####: 1094:	  state->discardCount[nextPlayer]--;
        -: 1095:	}
        -: 1096:	else{
        -: 1097:	  //No Card to Reveal
        -: 1098:	  if (DEBUG){
        -: 1099:	    printf("No cards to reveal\n");
        -: 1100:	  }
        -: 1101:	}
        -: 1102:      }
        -: 1103:
        -: 1104:      else{
    #####: 1105:	if (state->deckCount[nextPlayer] == 0){
branch  0 never executed
branch  1 never executed
    #####: 1106:	  for (i = 0; i < state->discardCount[nextPlayer]; i++){
branch  0 never executed
branch  1 never executed
    #####: 1107:	    state->deck[nextPlayer][i] = state->discard[nextPlayer][i];//Move to deck
    #####: 1108:	    state->deckCount[nextPlayer]++;
    #####: 1109:	    state->discard[nextPlayer][i] = -1;
    #####: 1110:	    state->discardCount[nextPlayer]--;
        -: 1111:	  }
        -: 1112:
    #####: 1113:	  shuffle(nextPlayer,state);//Shuffle the deck
call    0 never executed
        -: 1114:	}
    #####: 1115:	tributeRevealedCards[0] = state->deck[nextPlayer][state->deckCount[nextPlayer]-1];
    #####: 1116:	state->deck[nextPlayer][state->deckCount[nextPlayer]--] = -1;
    #####: 1117:	state->deckCount[nextPlayer]--;
    #####: 1118:	tributeRevealedCards[1] = state->deck[nextPlayer][state->deckCount[nextPlayer]-1];
    #####: 1119:	state->deck[nextPlayer][state->deckCount[nextPlayer]--] = -1;
    #####: 1120:	state->deckCount[nextPlayer]--;
        -: 1121:      }
        -: 1122:
    #####: 1123:      if (tributeRevealedCards[0] == tributeRevealedCards[1]){//If we have a duplicate card, just drop one
branch  0 never executed
branch  1 never executed
    #####: 1124:	state->playedCards[state->playedCardCount] = tributeRevealedCards[1];
    #####: 1125:	state->playedCardCount++;
    #####: 1126:	tributeRevealedCards[1] = -1;
        -: 1127:      }
        -: 1128:
    #####: 1129:      for (i = 0; i <= 2; i ++){
branch  0 never executed
branch  1 never executed
    #####: 1130:	if (tributeRevealedCards[i] == copper || tributeRevealedCards[i] == silver || tributeRevealedCards[i] == gold){//Treasure cards
branch  0 never executed
branch  1 never executed
branch  2 never executed
branch  3 never executed
branch  4 never executed
branch  5 never executed
    #####: 1131:	  state->coins += 2;
        -: 1132:	}
        -: 1133:
    #####: 1134:	else if (tributeRevealedCards[i] == estate || tributeRevealedCards[i] == duchy || tributeRevealedCards[i] == province || tributeRevealedCards[i] == gardens || tributeRevealedCards[i] == great_hall){//Victory Card Found
branch  0 never executed
branch  1 never executed
branch  2 never executed
branch  3 never executed
branch  4 never executed
branch  5 never executed
branch  6 never executed
branch  7 never executed
branch  8 never executed
branch  9 never executed
    #####: 1135:	  drawCard(currentPlayer, state);
call    0 never executed
    #####: 1136:	  drawCard(currentPlayer, state);
call    0 never executed
        -: 1137:	}
        -: 1138:	else{//Action Card
    #####: 1139:	  state->numActions = state->numActions + 2;
        -: 1140:	}
        -: 1141:      }
        -: 1142:
    #####: 1143:      return 0;
        -: 1144:
        -: 1145:    case ambassador:
    #####: 1146:      j = 0;		//used to check if player has enough cards to discard
        -: 1147:
    #####: 1148:      if (choice2 > 2 || choice2 < 0)
branch  0 never executed
branch  1 never executed
branch  2 never executed
branch  3 never executed
        -: 1149:	{
    #####: 1150:	  return -1;
        -: 1151:	}
        -: 1152:
    #####: 1153:      if (choice1 == handPos)
branch  0 never executed
branch  1 never executed
        -: 1154:	{
    #####: 1155:	  return -1;
        -: 1156:	}
        -: 1157:
    #####: 1158:      for (i = 0; i < state->handCount[currentPlayer]; i++)
branch  0 never executed
branch  1 never executed
        -: 1159:	{
    #####: 1160:	  if (i != handPos && i == state->hand[currentPlayer][choice1] && i != choice1)
branch  0 never executed
branch  1 never executed
branch  2 never executed
branch  3 never executed
branch  4 never executed
branch  5 never executed
        -: 1161:	    {
    #####: 1162:	      j++;
        -: 1163:	    }
        -: 1164:	}
    #####: 1165:      if (j < choice2)
branch  0 never executed
branch  1 never executed
        -: 1166:	{
    #####: 1167:	  return -1;
        -: 1168:	}
        -: 1169:
        -: 1170:      if (DEBUG)
        -: 1171:	printf("Player %d reveals card number: %d\n", currentPlayer, state->hand[currentPlayer][choice1]);
        -: 1172:
        -: 1173:      //increase supply count for choosen card by amount being discarded
    #####: 1174:      state->supplyCount[state->hand[currentPlayer][choice1]] += choice2;
        -: 1175:
        -: 1176:      //each other player gains a copy of revealed card
    #####: 1177:      for (i = 0; i < state->numPlayers; i++)
branch  0 never executed
branch  1 never executed
        -: 1178:	{
    #####: 1179:	  if (i != currentPlayer)
branch  0 never executed
branch  1 never executed
        -: 1180:	    {
    #####: 1181:	      gainCard(state->hand[currentPlayer][choice1], state, 0, i);
call    0 never executed
        -: 1182:	    }
        -: 1183:	}
        -: 1184:
        -: 1185:      //discard played card from hand
    #####: 1186:      discardCard(handPos, currentPlayer, state, 0);
call    0 never executed
        -: 1187:
        -: 1188:      //trash copies of cards returned to supply
    #####: 1189:      for (j = 0; j < choice2; j++)
branch  0 never executed
branch  1 never executed
        -: 1190:	{
    #####: 1191:	  for (i = 0; i < state->handCount[currentPlayer]; i++)
branch  0 never executed
branch  1 never executed
        -: 1192:	    {
    #####: 1193:	      if (state->hand[currentPlayer][i] == state->hand[currentPlayer][choice1])
branch  0 never executed
branch  1 never executed
        -: 1194:		{
    #####: 1195:		  discardCard(i, currentPlayer, state, 1);
call    0 never executed
    #####: 1196:		  break;
        -: 1197:		}
        -: 1198:	    }
        -: 1199:	}
        -: 1200:
    #####: 1201:      return 0;
        -: 1202:
        -: 1203:    case cutpurse:
        -: 1204:
    #####: 1205:      updateCoins(currentPlayer, state, 2);
call    0 never executed
    #####: 1206:      for (i = 0; i < state->numPlayers; i++)
branch  0 never executed
branch  1 never executed
        -: 1207:	{
    #####: 1208:	  if (i != currentPlayer)
branch  0 never executed
branch  1 never executed
        -: 1209:	    {
    #####: 1210:	      for (j = 0; j < state->handCount[i]; j++)
branch  0 never executed
branch  1 never executed
        -: 1211:		{
    #####: 1212:		  if (state->hand[i][j] == copper)
branch  0 never executed
branch  1 never executed
        -: 1213:		    {
    #####: 1214:		      discardCard(j, i, state, 0);
call    0 never executed
    #####: 1215:		      break;
        -: 1216:		    }
    #####: 1217:		  if (j == state->handCount[i])
branch  0 never executed
branch  1 never executed
        -: 1218:		    {
    #####: 1219:		      for (k = 0; k < state->handCount[i]; k++)
branch  0 never executed
branch  1 never executed
        -: 1220:			{
        -: 1221:			  if (DEBUG)
        -: 1222:			    printf("Player %d reveals card number %d\n", i, state->hand[i][k]);
        -: 1223:			}
    #####: 1224:		      break;
        -: 1225:		    }
        -: 1226:		}
        -: 1227:
        -: 1228:	    }
        -: 1229:
        -: 1230:	}
        -: 1231:
        -: 1232:      //discard played card from hand
    #####: 1233:      discardCard(handPos, currentPlayer, state, 0);
call    0 never executed
        -: 1234:
    #####: 1235:      return 0;
        -: 1236:
        -: 1237:
        -: 1238:    case embargo:
        -: 1239:      //+2 Coins
    #####: 1240:      state->coins = state->coins + 2;
        -: 1241:
        -: 1242:      //see if selected pile is in play
    #####: 1243:      if ( state->supplyCount[choice1] == -1 )
branch  0 never executed
branch  1 never executed
        -: 1244:	{
    #####: 1245:	  return -1;
        -: 1246:	}
        -: 1247:
        -: 1248:      //add embargo token to selected supply pile
    #####: 1249:      state->embargoTokens[choice1]++;
        -: 1250:
        -: 1251:      //trash card
    #####: 1252:      discardCard(handPos, currentPlayer, state, 1);
call    0 never executed
    #####: 1253:      return 0;
        -: 1254:
        -: 1255:    case outpost:
        -: 1256:      //set outpost flag
    #####: 1257:      state->outpostPlayed++;
        -: 1258:
        -: 1259:      //discard card
    #####: 1260:      discardCard(handPos, currentPlayer, state, 0);
call    0 never executed
    #####: 1261:      return 0;
        -: 1262:
        -: 1263:    case salvager:
        -: 1264:      //+1 buy
    #####: 1265:      state->numBuys++;
        -: 1266:
    #####: 1267:      if (choice1)
branch  0 never executed
branch  1 never executed
        -: 1268:	{
        -: 1269:	  //gain coins equal to trashed card
    #####: 1270:	  state->coins = state->coins + getCost( handCard(choice1, state) );
call    0 never executed
call    1 never executed
        -: 1271:	  //trash card
    #####: 1272:	  discardCard(choice1, currentPlayer, state, 1);
call    0 never executed
        -: 1273:	}
        -: 1274:
        -: 1275:      //discard card
    #####: 1276:      discardCard(handPos, currentPlayer, state, 0);
call    0 never executed
    #####: 1277:      return 0;
        -: 1278:
        -: 1279:    case sea_hag:
    #####: 1280:      for (i = 0; i < state->numPlayers; i++){
branch  0 never executed
branch  1 never executed
    #####: 1281:	if (i != currentPlayer){
branch  0 never executed
branch  1 never executed
    #####: 1282:	  state->discard[i][state->discardCount[i]] = state->deck[i][state->deckCount[i]--];			    state->deckCount[i]--;
    #####: 1283:	  state->discardCount[i]++;
    #####: 1284:	  state->deck[i][state->deckCount[i]--] = curse;//Top card now a curse
        -: 1285:	}
        -: 1286:      }
    #####: 1287:      return 0;
        -: 1288:
        -: 1289:    case treasure_map:
        -: 1290:      //search hand for another treasure_map
    #####: 1291:      index = -1;
    #####: 1292:      for (i = 0; i < state->handCount[currentPlayer]; i++)
branch  0 never executed
branch  1 never executed
        -: 1293:	{
    #####: 1294:	  if (state->hand[currentPlayer][i] == treasure_map && i != handPos)
branch  0 never executed
branch  1 never executed
branch  2 never executed
branch  3 never executed
        -: 1295:	    {
    #####: 1296:	      index = i;
    #####: 1297:	      break;
        -: 1298:	    }
        -: 1299:	}
    #####: 1300:      if (index > -1)
branch  0 never executed
branch  1 never executed
        -: 1301:	{
        -: 1302:	  //trash both treasure cards
    #####: 1303:	  discardCard(handPos, currentPlayer, state, 1);
call    0 never executed
    #####: 1304:	  discardCard(index, currentPlayer, state, 1);
call    0 never executed
        -: 1305:
        -: 1306:	  //gain 4 Gold cards
    #####: 1307:	  for (i = 0; i < 4; i++)
branch  0 never executed
branch  1 never executed
        -: 1308:	    {
    #####: 1309:	      gainCard(gold, state, 1, currentPlayer);
call    0 never executed
        -: 1310:	    }
        -: 1311:
        -: 1312:	  //return success
    #####: 1313:	  return 1;
        -: 1314:	}
        -: 1315:
        -: 1316:      //no second treasure_map found in hand
    #####: 1317:      return -1;
        -: 1318:    }
        -: 1319:
    #####: 1320:  return -1;
        -: 1321:}
        -: 1322:
function discardCard called 65 returned 100% blocks executed 89%
       65: 1323:int discardCard(int handPos, int currentPlayer, struct gameState *state, int trashFlag)
        -: 1324:{
        -: 1325:
        -: 1326:  //if card is not trashed, added to Played pile
       65: 1327:  if (trashFlag < 1)
branch  0 taken 58% (fallthrough)
branch  1 taken 42%
        -: 1328:    {
        -: 1329:      //add card to played pile
       38: 1330:      state->playedCards[state->playedCardCount] = state->hand[currentPlayer][handPos];
       38: 1331:      state->playedCardCount++;
        -: 1332:    }
        -: 1333:
        -: 1334:  //set played card to -1
       65: 1335:  state->hand[currentPlayer][handPos] = -1;
        -: 1336:
        -: 1337:  //remove card from player's hand
       65: 1338:  if ( handPos == (state->handCount[currentPlayer] - 1) ) 	//last card in hand array is played
branch  0 taken 28% (fallthrough)
branch  1 taken 72%
        -: 1339:    {
        -: 1340:      //reduce number of cards in hand
       18: 1341:      state->handCount[currentPlayer]--;
        -: 1342:    }
       47: 1343:  else if ( state->handCount[currentPlayer] == 1 ) //only one card in hand
branch  0 taken 0% (fallthrough)
branch  1 taken 100%
        -: 1344:    {
        -: 1345:      //reduce number of cards in hand
    #####: 1346:      state->handCount[currentPlayer]--;
        -: 1347:    }
        -: 1348:  else
        -: 1349:    {
        -: 1350:      //replace discarded card with last card in hand
       47: 1351:      state->hand[currentPlayer][handPos] = state->hand[currentPlayer][ (state->handCount[currentPlayer] - 1)];
        -: 1352:      //set last card to -1
       47: 1353:      state->hand[currentPlayer][state->handCount[currentPlayer] - 1] = -1;
        -: 1354:      //reduce number of cards in hand
       47: 1355:      state->handCount[currentPlayer]--;
        -: 1356:    }
        -: 1357:
       65: 1358:  return 0;
        -: 1359:}
        -: 1360:
function gainCard called 0 returned 0% blocks executed 0%
    #####: 1361:int gainCard(int supplyPos, struct gameState *state, int toFlag, int player)
        -: 1362:{
        -: 1363:  //Note: supplyPos is enum of choosen card
        -: 1364:
        -: 1365:  //check if supply pile is empty (0) or card is not used in game (-1)
    #####: 1366:  if ( supplyCount(supplyPos, state) < 1 )
call    0 never executed
branch  1 never executed
branch  2 never executed
        -: 1367:    {
    #####: 1368:      return -1;
        -: 1369:    }
        -: 1370:
        -: 1371:  //added card for [whoseTurn] current player:
        -: 1372:  // toFlag = 0 : add to discard
        -: 1373:  // toFlag = 1 : add to deck
        -: 1374:  // toFlag = 2 : add to hand
        -: 1375:
    #####: 1376:  if (toFlag == 1)
branch  0 never executed
branch  1 never executed
        -: 1377:    {
    #####: 1378:      state->deck[ player ][ state->deckCount[player] ] = supplyPos;
    #####: 1379:      state->deckCount[player]++;
        -: 1380:    }
    #####: 1381:  else if (toFlag == 2)
branch  0 never executed
branch  1 never executed
        -: 1382:    {
    #####: 1383:      state->hand[ player ][ state->handCount[player] ] = supplyPos;
    #####: 1384:      state->handCount[player]++;
        -: 1385:    }
        -: 1386:  else
        -: 1387:    {
    #####: 1388:      state->discard[player][ state->discardCount[player] ] = supplyPos;
    #####: 1389:      state->discardCount[player]++;
        -: 1390:    }
        -: 1391:
        -: 1392:  //decrease number in supply pile
    #####: 1393:  state->supplyCount[supplyPos]--;
        -: 1394:
    #####: 1395:  return 0;
        -: 1396:}
        -: 1397:
function updateCoins called 0 returned 0% blocks executed 0%
    #####: 1398:int updateCoins(int player, struct gameState *state, int bonus)
        -: 1399:{
        -: 1400:  int i;
        -: 1401:
        -: 1402:  //reset coin count
    #####: 1403:  state->coins = 0;
        -: 1404:
        -: 1405:  //add coins for each Treasure card in player's hand
    #####: 1406:  for (i = 0; i < state->handCount[player]; i++)
branch  0 never executed
branch  1 never executed
        -: 1407:    {
    #####: 1408:      if (state->hand[player][i] == copper)
branch  0 never executed
branch  1 never executed
        -: 1409:	{
    #####: 1410:	  state->coins += 1;
        -: 1411:	}
    #####: 1412:      else if (state->hand[player][i] == silver)
branch  0 never executed
branch  1 never executed
        -: 1413:	{
    #####: 1414:	  state->coins += 2;
        -: 1415:	}
    #####: 1416:      else if (state->hand[player][i] == gold)
branch  0 never executed
branch  1 never executed
        -: 1417:	{
    #####: 1418:	  state->coins += 3;
        -: 1419:	}
        -: 1420:    }
        -: 1421:
        -: 1422:  //add bonus
    #####: 1423:  state->coins += bonus;
        -: 1424:
    #####: 1425:  return 0;
        -: 1426:}
        -: 1427:
        -: 1428:
        -: 1429://end of dominion.c
        -: 1430:
