        -:    0:Source:dominion.c
        -:    0:Graph:dominion.gcno
        -:    0:Data:dominion.gcda
        -:    0:Runs:52
        -:    0:Programs:13
        -:    1:#include "dominion.h"
        -:    2:#include "dominion_helpers.h"
        -:    3:#include "rngs.h"
        -:    4:#include <stdio.h>
        -:    5:#include <math.h>
        -:    6:#include <stdlib.h>
        -:    7:
function playSmithy called 6479 returned 100% blocks executed 80%
     6479:    8:int playSmithy(struct gameState *state, int handPos){
     6479:    9:	if(state->handCount[state->whoseTurn] < MAX_HAND){
branch  0 taken 100% (fallthrough)
branch  1 taken 0%
        -:   10:		int drawCounter;
    25916:   11:		for( drawCounter = 0; drawCounter < 3; drawCounter++ ){
branch  0 taken 75%
branch  1 taken 25% (fallthrough)
    19437:   12:			drawCard(state->whoseTurn, state);
call    0 returned 100%
        -:   13:		}
     6479:   14:		discardCard(handPos, state->whoseTurn, state, 0);
call    0 returned 100%
     6479:   15:		return 1;
        -:   16:	}
        -:   17:	else{
    #####:   18:		printf("Hand full\n");
call    0 never executed
    #####:   19:		return -1;
        -:   20:	} 	 
        -:   21:}
        -:   22:
function playAdventurer called 5669 returned 100% blocks executed 100%
     5669:   23:int playAdventurer(struct gameState *state){
     5669:   24:	int drawnTreasure = 0;
     5669:   25:	int True = 1;
     5669:   26:	int currentPlayer = state->whoseTurn;
        -:   27:	int cardDrawn;
        -:   28:	int tempHand[MAX_HAND];
        -:   29:	int handIndex;
    31944:   30:	while(True==1){
branch  0 taken 78%
branch  1 taken 22% (fallthrough)
    20606:   31:	if(drawnTreasure == 2){
branch  0 taken 28% (fallthrough)
branch  1 taken 72%
     5669:   32:		True = 0;
        -:   33:	}
    20606:   34:	drawCard(currentPlayer, state);
call    0 returned 100%
    20606:   35:	cardDrawn = state->hand[currentPlayer][state->handCount[currentPlayer]-1];
    20606:   36:	if(cardDrawn == copper || cardDrawn == silver || cardDrawn == gold){
branch  0 taken 26% (fallthrough)
branch  1 taken 74%
branch  2 taken 100% (fallthrough)
branch  3 taken 0%
branch  4 taken 0% (fallthrough)
branch  5 taken 100%
    15274:   37:		drawnTreasure++;
        -:   38:	}
        -:   39:	else{
     5332:   40:		handIndex=0;
        -:   41:
     5332:   42:		tempHand[handIndex]=cardDrawn;
     5332:   43:		state->handCount[currentPlayer]--;
     5332:   44:		handIndex++;
        -:   45:	}
        -:   46:	}
    20176:   47:	while(handIndex-1>=0){
branch  0 taken 61%
branch  1 taken 39% (fallthrough)
     8838:   48:		state->discard[currentPlayer][state->discardCount[currentPlayer]++]=tempHand[handIndex-1];
     8838:   49:		handIndex=handIndex-1;
        -:   50:	}
     5669:   51:	return 0;
        -:   52:}
        -:   53:
function playRemodel called 2 returned 100% blocks executed 100%
        2:   54:int playRemodel(struct gameState *state, int handPos, int choice1, int choice2){ 
        2:   55:	int currentPlayer = state->whoseTurn;
        2:   56:	int trashedCard = state->hand[currentPlayer][choice1];
        2:   57:	gainCard(choice2, state, 0, currentPlayer);
call    0 returned 100%
        2:   58:	discardCard(handPos, currentPlayer, state, 0);
call    0 returned 100%
        2:   59:	discardCard(choice1, currentPlayer, state, 1);
call    0 returned 100%
        2:   60:	return 0;
        -:   61:}
        -:   62:
        -:   63:
function playVillage called 1 returned 100% blocks executed 100%
        1:   64:int playVillage(struct gameState *state, int handPos){
        1:   65:	drawCard(state->whoseTurn, state);
call    0 returned 100%
        1:   66:	state->numActions = state->numActions+2;
        1:   67:	discardCard(handPos, state->whoseTurn, state, 1);
call    0 returned 100%
        1:   68:	return 0;
        -:   69:}
        -:   70:
function playGreat_hall called 0 returned 0% blocks executed 0%
    #####:   71:int playGreat_hall(struct gameState *state, int handPos){
    #####:   72:	drawCard(state->whoseTurn, state);
call    0 never executed
    #####:   73:	state->numActions++;
    #####:   74:	discardCard(handPos, state->whoseTurn, state, 0);
call    0 never executed
    #####:   75:	return 0;
        -:   76:}
        -:   77:
        -:   78:
function compare called 256187 returned 100% blocks executed 100%
   256187:   79:int compare(const void* a, const void* b) {
   256187:   80:  if (*(int*)a > *(int*)b)
branch  0 taken 7% (fallthrough)
branch  1 taken 93%
    18170:   81:    return 1;
   238017:   82:  if (*(int*)a < *(int*)b)
branch  0 taken 27% (fallthrough)
branch  1 taken 73%
    63917:   83:    return -1;
   174100:   84:  return 0;
        -:   85:}
        -:   86:
function newGame called 9751 returned 100% blocks executed 100%
     9751:   87:struct gameState* newGame() {
     9751:   88:  struct gameState* g = malloc(sizeof(struct gameState));
     9751:   89:  return g;
        -:   90:}
        -:   91:
function kingdomCards called 0 returned 0% blocks executed 0%
    #####:   92:int* kingdomCards(int k1, int k2, int k3, int k4, int k5, int k6, int k7,
        -:   93:		  int k8, int k9, int k10) {
    #####:   94:  int* k = malloc(10 * sizeof(int));
    #####:   95:  k[0] = k1;
    #####:   96:  k[1] = k2;
    #####:   97:  k[2] = k3;
    #####:   98:  k[3] = k4;
    #####:   99:  k[4] = k5;
    #####:  100:  k[5] = k6;
    #####:  101:  k[6] = k7;
    #####:  102:  k[7] = k8;
    #####:  103:  k[8] = k9;
    #####:  104:  k[9] = k10;
    #####:  105:  return k;
        -:  106:}
        -:  107:
function initializeGame called 4743 returned 100% blocks executed 95%
     4743:  108:int initializeGame(int numPlayers, int kingdomCards[10], int randomSeed,
        -:  109:		   struct gameState *state) {
        -:  110:
        -:  111:  int i;
        -:  112:  int j;
        -:  113:  int it;			
        -:  114:  //set up random number generator
     4743:  115:  SelectStream(1);
call    0 returned 100%
     4743:  116:  PutSeed((long)randomSeed);
call    0 returned 100%
        -:  117:  
        -:  118:  //check number of players
     4743:  119:  if (numPlayers > MAX_PLAYERS || numPlayers < 2)
branch  0 taken 100% (fallthrough)
branch  1 taken 0%
branch  2 taken 0% (fallthrough)
branch  3 taken 100%
        -:  120:    {
    #####:  121:      return -1;
        -:  122:    }
        -:  123:
        -:  124:  //set number of players
     4743:  125:  state->numPlayers = numPlayers;
        -:  126:
        -:  127:  //check selected kingdom cards are different
    52173:  128:  for (i = 0; i < 10; i++)
branch  0 taken 91%
branch  1 taken 9% (fallthrough)
        -:  129:    {
   521730:  130:      for (j = 0; j < 10; j++)
branch  0 taken 91%
branch  1 taken 9% (fallthrough)
        -:  131:        {
   474300:  132:	  if (j != i && kingdomCards[j] == kingdomCards[i])
branch  0 taken 90% (fallthrough)
branch  1 taken 10%
branch  2 taken 0% (fallthrough)
branch  3 taken 100%
        -:  133:	    {
    #####:  134:	      return -1;
        -:  135:	    }
        -:  136:        }
        -:  137:    }
        -:  138:
        -:  139:
        -:  140:  //initialize supply
        -:  141:  ///////////////////////////////
        -:  142:
        -:  143:  //set number of Curse cards
     4743:  144:  if (numPlayers == 2)
branch  0 taken 61% (fallthrough)
branch  1 taken 39%
        -:  145:    {
     2912:  146:      state->supplyCount[curse] = 10;
        -:  147:    }
     1831:  148:  else if (numPlayers == 3)
branch  0 taken 50% (fallthrough)
branch  1 taken 50%
        -:  149:    {
      923:  150:      state->supplyCount[curse] = 20;
        -:  151:    }
        -:  152:  else
        -:  153:    {
      908:  154:      state->supplyCount[curse] = 30;
        -:  155:    }
        -:  156:
        -:  157:  //set number of Victory cards
     4743:  158:  if (numPlayers == 2)
branch  0 taken 61% (fallthrough)
branch  1 taken 39%
        -:  159:    {
     2912:  160:      state->supplyCount[estate] = 8;
     2912:  161:      state->supplyCount[duchy] = 8;
     2912:  162:      state->supplyCount[province] = 8;
        -:  163:    }
        -:  164:  else
        -:  165:    {
     1831:  166:      state->supplyCount[estate] = 12;
     1831:  167:      state->supplyCount[duchy] = 12;
     1831:  168:      state->supplyCount[province] = 12;
        -:  169:    }
        -:  170:
        -:  171:  //set number of Treasure cards
     4743:  172:  state->supplyCount[copper] = 60 - (7 * numPlayers);
     4743:  173:  state->supplyCount[silver] = 40;
     4743:  174:  state->supplyCount[gold] = 30;
        -:  175:
        -:  176:  //set number of Kingdom cards
    99603:  177:  for (i = adventurer; i <= treasure_map; i++)       	//loop all cards
branch  0 taken 95%
branch  1 taken 5% (fallthrough)
        -:  178:    {
   782595:  179:      for (j = 0; j < 10; j++)           		//loop chosen cards
branch  0 taken 94%
branch  1 taken 6% (fallthrough)
        -:  180:	{
   735165:  181:	  if (kingdomCards[j] == i)
branch  0 taken 6% (fallthrough)
branch  1 taken 94%
        -:  182:	    {
        -:  183:	      //check if card is a 'Victory' Kingdom card
    47430:  184:	      if (kingdomCards[j] == great_hall || kingdomCards[j] == gardens)
branch  0 taken 90% (fallthrough)
branch  1 taken 10%
branch  2 taken 11% (fallthrough)
branch  3 taken 89%
        -:  185:		{
    18800:  186:		  if (numPlayers == 2){ 
branch  0 taken 61% (fallthrough)
branch  1 taken 39%
     5738:  187:		    state->supplyCount[i] = 8; 
        -:  188:		  }
     3662:  189:		  else{ state->supplyCount[i] = 12; }
        -:  190:		}
        -:  191:	      else
        -:  192:		{
    38030:  193:		  state->supplyCount[i] = 10;
        -:  194:		}
    47430:  195:	      break;
        -:  196:	    }
        -:  197:	  else    //card is not in the set choosen for the game
        -:  198:	    {
   687735:  199:	      state->supplyCount[i] = -1;
        -:  200:	    }
        -:  201:	}
        -:  202:
        -:  203:    }
        -:  204:
        -:  205:  ////////////////////////
        -:  206:  //supply intilization complete
        -:  207:
        -:  208:  //set player decks
    16968:  209:  for (i = 0; i < numPlayers; i++)
branch  0 taken 72%
branch  1 taken 28% (fallthrough)
        -:  210:    {
    12225:  211:      state->deckCount[i] = 0;
    48900:  212:      for (j = 0; j < 3; j++)
branch  0 taken 75%
branch  1 taken 25% (fallthrough)
        -:  213:	{
    36675:  214:	  state->deck[i][j] = estate;
    36675:  215:	  state->deckCount[i]++;
        -:  216:	}
    97800:  217:      for (j = 3; j < 10; j++)
branch  0 taken 88%
branch  1 taken 13% (fallthrough)
        -:  218:	{
    85575:  219:	  state->deck[i][j] = copper;
    85575:  220:	  state->deckCount[i]++;		
        -:  221:	}
        -:  222:    }
        -:  223:
        -:  224:  //shuffle player decks
    16968:  225:  for (i = 0; i < numPlayers; i++)
branch  0 taken 72%
branch  1 taken 28% (fallthrough)
        -:  226:    {
    12225:  227:      if ( shuffle(i, state) < 0 )
call    0 returned 100%
branch  1 taken 0% (fallthrough)
branch  2 taken 100%
        -:  228:	{
    #####:  229:	  return -1;
        -:  230:	}
        -:  231:    }
        -:  232:
        -:  233:  //draw player hands
    16968:  234:  for (i = 0; i < numPlayers; i++)
branch  0 taken 72%
branch  1 taken 28% (fallthrough)
        -:  235:    {  
        -:  236:      //initialize hand size to zero
    12225:  237:      state->handCount[i] = 0;
    12225:  238:      state->discardCount[i] = 0;
        -:  239:      //draw 5 cards
        -:  240:      // for (j = 0; j < 5; j++)
        -:  241:      //	{
        -:  242:      //	  drawCard(i, state);
        -:  243:      //	}
        -:  244:    }
        -:  245:  
        -:  246:  //set embargo tokens to 0 for all supply piles
   132804:  247:  for (i = 0; i <= treasure_map; i++)
branch  0 taken 96%
branch  1 taken 4% (fallthrough)
        -:  248:    {
   128061:  249:      state->embargoTokens[i] = 0;
        -:  250:    }
        -:  251:
        -:  252:  //initialize first player's turn
     4743:  253:  state->outpostPlayed = 0;
     4743:  254:  state->phase = 0;
     4743:  255:  state->numActions = 1;
     4743:  256:  state->numBuys = 1;
     4743:  257:  state->playedCardCount = 0;
     4743:  258:  state->whoseTurn = 0;
     4743:  259:  state->handCount[state->whoseTurn] = 0;
        -:  260:  //int it; move to top
        -:  261:
        -:  262:  //Moved draw cards to here, only drawing at the start of a turn
    28458:  263:  for (it = 0; it < 5; it++){
branch  0 taken 83%
branch  1 taken 17% (fallthrough)
    23715:  264:    drawCard(state->whoseTurn, state);
call    0 returned 100%
        -:  265:  }
        -:  266:
     4743:  267:  updateCoins(state->whoseTurn, state, 0);
call    0 returned 100%
        -:  268:
     4743:  269:  return 0;
        -:  270:}
        -:  271:
function shuffle called 17066 returned 100% blocks executed 100%
    17066:  272:int shuffle(int player, struct gameState *state) {
        -:  273: 
        -:  274:
        -:  275:  int newDeck[MAX_DECK];
    17066:  276:  int newDeckPos = 0;
        -:  277:  int card;
        -:  278:  int i;
        -:  279:
    17066:  280:  if (state->deckCount[player] < 1)
branch  0 taken 1% (fallthrough)
branch  1 taken 99%
      141:  281:    return -1;
    16925:  282:  qsort ((void*)(state->deck[player]), state->deckCount[player], sizeof(int), compare); 
call    0 returned 100%
        -:  283:  /* SORT CARDS IN DECK TO ENSURE DETERMINISM! */
        -:  284:
   196474:  285:  while (state->deckCount[player] > 0) {
branch  0 taken 91%
branch  1 taken 9% (fallthrough)
   162624:  286:    card = floor(Random() * state->deckCount[player]);
call    0 returned 100%
   162624:  287:    newDeck[newDeckPos] = state->deck[player][card];
   162624:  288:    newDeckPos++;
   542042:  289:    for (i = card; i < state->deckCount[player]-1; i++) {
branch  0 taken 70%
branch  1 taken 30% (fallthrough)
   379418:  290:      state->deck[player][i] = state->deck[player][i+1];
        -:  291:    }
   162624:  292:    state->deckCount[player]--;
        -:  293:  }
   179549:  294:  for (i = 0; i < newDeckPos; i++) {
branch  0 taken 91%
branch  1 taken 9% (fallthrough)
   162624:  295:    state->deck[player][i] = newDeck[i];
   162624:  296:    state->deckCount[player]++;
        -:  297:  }
        -:  298:
    16925:  299:  return 0;
        -:  300:}
        -:  301:
function playCard called 0 returned 0% blocks executed 0%
    #####:  302:int playCard(int handPos, int choice1, int choice2, int choice3, struct gameState *state) 
        -:  303:{	
        -:  304:  int card;
    #####:  305:  int coin_bonus = 0; 		//tracks coins gain from actions
        -:  306:
        -:  307:  //check if it is the right phase
    #####:  308:  if (state->phase != 0)
branch  0 never executed
branch  1 never executed
        -:  309:    {
    #####:  310:      return -1;
        -:  311:    }
        -:  312:	
        -:  313:  //check if player has enough actions
    #####:  314:  if ( state->numActions < 1 )
branch  0 never executed
branch  1 never executed
        -:  315:    {
    #####:  316:      return -1;
        -:  317:    }
        -:  318:	
        -:  319:  //get card played
    #####:  320:  card = handCard(handPos, state);
call    0 never executed
        -:  321:	
        -:  322:  //check if selected card is an action
    #####:  323:  if ( card < adventurer || card > treasure_map )
branch  0 never executed
branch  1 never executed
branch  2 never executed
branch  3 never executed
        -:  324:    {
    #####:  325:      return -1;
        -:  326:    }
        -:  327:	
        -:  328:  //play card
    #####:  329:  if ( cardEffect(card, choice1, choice2, choice3, state, handPos, &coin_bonus) < 0 )
call    0 never executed
branch  1 never executed
branch  2 never executed
        -:  330:    {
    #####:  331:      return -1;
        -:  332:    }
        -:  333:	
        -:  334:  //reduce number of actions
    #####:  335:  state->numActions--;
        -:  336:
        -:  337:  //update coins (Treasure cards may be added with card draws)
    #####:  338:  updateCoins(state->whoseTurn, state, coin_bonus);
call    0 never executed
        -:  339:	
    #####:  340:  return 0;
        -:  341:}
        -:  342:
function buyCard called 0 returned 0% blocks executed 0%
    #####:  343:int buyCard(int supplyPos, struct gameState *state) {
        -:  344:  int who;
        -:  345:  if (DEBUG){
        -:  346:    printf("Entering buyCard...\n");
        -:  347:  }
        -:  348:
        -:  349:  // I don't know what to do about the phase thing.
        -:  350:
    #####:  351:  who = state->whoseTurn;
        -:  352:
    #####:  353:  if (state->numBuys < 1){
branch  0 never executed
branch  1 never executed
        -:  354:    if (DEBUG)
        -:  355:      printf("You do not have any buys left\n");
    #####:  356:    return -1;
    #####:  357:  } else if (supplyCount(supplyPos, state) <1){
call    0 never executed
branch  1 never executed
branch  2 never executed
        -:  358:    if (DEBUG)
        -:  359:      printf("There are not any of that type of card left\n");
    #####:  360:    return -1;
    #####:  361:  } else if (state->coins < getCost(supplyPos)){
call    0 never executed
branch  1 never executed
branch  2 never executed
        -:  362:    if (DEBUG) 
        -:  363:      printf("You do not have enough money to buy that. You have %d coins.\n", state->coins);
    #####:  364:    return -1;
        -:  365:  } else {
    #####:  366:    state->phase=1;
        -:  367:    //state->supplyCount[supplyPos]--;
    #####:  368:    gainCard(supplyPos, state, 0, who); //card goes in discard, this might be wrong.. (2 means goes into hand, 0 goes into discard)
call    0 never executed
        -:  369:  
    #####:  370:    state->coins = (state->coins) - (getCost(supplyPos));
call    0 never executed
    #####:  371:    state->numBuys--;
        -:  372:    if (DEBUG)
        -:  373:      printf("You bought card number %d for %d coins. You now have %d buys and %d coins.\n", supplyPos, getCost(supplyPos), state->numBuys, state->coins);
        -:  374:  }
        -:  375:
        -:  376:  //state->discard[who][state->discardCount[who]] = supplyPos;
        -:  377:  //state->discardCount[who]++;
        -:  378:    
    #####:  379:  return 0;
        -:  380:}
        -:  381:
function numHandCards called 0 returned 0% blocks executed 0%
    #####:  382:int numHandCards(struct gameState *state) {
    #####:  383:  return state->handCount[ whoseTurn(state) ];
call    0 never executed
        -:  384:}
        -:  385:
function handCard called 0 returned 0% blocks executed 0%
    #####:  386:int handCard(int handPos, struct gameState *state) {
    #####:  387:  int currentPlayer = whoseTurn(state);
call    0 never executed
    #####:  388:  return state->hand[currentPlayer][handPos];
        -:  389:}
        -:  390:
function supplyCount called 56 returned 100% blocks executed 100%
       56:  391:int supplyCount(int card, struct gameState *state) {
       56:  392:  return state->supplyCount[card];
        -:  393:}
        -:  394:
function fullDeckCount called 320 returned 100% blocks executed 82%
      320:  395:int fullDeckCount(int player, int card, struct gameState *state) {
        -:  396:  int i;
      320:  397:  int count = 0;
        -:  398:
     2720:  399:  for (i = 0; i < state->deckCount[player]; i++)
branch  0 taken 88%
branch  1 taken 12% (fallthrough)
        -:  400:    {
     2400:  401:      if (state->deck[player][i] == card) count++;
branch  0 taken 10% (fallthrough)
branch  1 taken 90%
        -:  402:    }
        -:  403:
     1120:  404:  for (i = 0; i < state->handCount[player]; i++)
branch  0 taken 71%
branch  1 taken 29% (fallthrough)
        -:  405:    {
      800:  406:      if (state->hand[player][i] == card) count++;
branch  0 taken 10% (fallthrough)
branch  1 taken 90%
        -:  407:    }
        -:  408:
      320:  409:  for (i = 0; i < state->discardCount[player]; i++)
branch  0 taken 0%
branch  1 taken 100% (fallthrough)
        -:  410:    {
    #####:  411:      if (state->discard[player][i] == card) count++;
branch  0 never executed
branch  1 never executed
        -:  412:    }
        -:  413:
      320:  414:  return count;
        -:  415:}
        -:  416:
function whoseTurn called 24278 returned 100% blocks executed 100%
    24278:  417:int whoseTurn(struct gameState *state) {
    24278:  418:  return state->whoseTurn;
        -:  419:}
        -:  420:
function endTurn called 24278 returned 100% blocks executed 100%
    24278:  421:int endTurn(struct gameState *state) {
        -:  422:  int k;
        -:  423:  int i;
    24278:  424:  int currentPlayer = whoseTurn(state);
call    0 returned 100%
        -:  425:  
        -:  426:  //Discard hand
   173741:  427:  for (i = 0; i < state->handCount[currentPlayer]; i++){
branch  0 taken 86%
branch  1 taken 14% (fallthrough)
   149463:  428:    state->discard[currentPlayer][state->discardCount[currentPlayer]++] = state->hand[currentPlayer][i];//Discard
   149463:  429:    state->hand[currentPlayer][i] = -1;//Set card to -1
        -:  430:  }
    24278:  431:  state->handCount[currentPlayer] = 0;//Reset hand count
        -:  432:    
        -:  433:  //Code for determining the player
    24278:  434:  if (currentPlayer < (state->numPlayers - 1)){ 
branch  0 taken 61% (fallthrough)
branch  1 taken 39%
    14878:  435:    state->whoseTurn = currentPlayer + 1;//Still safe to increment
        -:  436:  }
        -:  437:  else{
     9400:  438:    state->whoseTurn = 0;//Max player has been reached, loop back around to player 1
        -:  439:  }
        -:  440:
    24278:  441:  state->outpostPlayed = 0;
    24278:  442:  state->phase = 0;
    24278:  443:  state->numActions = 1;
    24278:  444:  state->coins = 0;
    24278:  445:  state->numBuys = 1;
    24278:  446:  state->playedCardCount = 0;
    24278:  447:  state->handCount[state->whoseTurn] = 0;
        -:  448:
        -:  449:  //int k; move to top
        -:  450:  //Next player draws hand
   145668:  451:  for (k = 0; k < 5; k++){
branch  0 taken 83%
branch  1 taken 17% (fallthrough)
   121390:  452:    drawCard(state->whoseTurn, state);//Draw a card
call    0 returned 100%
        -:  453:  }
        -:  454:
        -:  455:  //Update money
    24278:  456:  updateCoins(state->whoseTurn, state , 0);
call    0 returned 100%
        -:  457:
    24278:  458:  return 0;
        -:  459:}
        -:  460:
function isGameOver called 0 returned 0% blocks executed 0%
    #####:  461:int isGameOver(struct gameState *state) {
        -:  462:  int i;
        -:  463:  int j;
        -:  464:	
        -:  465:  //if stack of Province cards is empty, the game ends
    #####:  466:  if (state->supplyCount[province] == 0)
branch  0 never executed
branch  1 never executed
        -:  467:    {
    #####:  468:      return 1;
        -:  469:    }
        -:  470:
        -:  471:  //if three supply pile are at 0, the game ends
    #####:  472:  j = 0;
    #####:  473:  for (i = 0; i < 25; i++)
branch  0 never executed
branch  1 never executed
        -:  474:    {
    #####:  475:      if (state->supplyCount[i] == 0)
branch  0 never executed
branch  1 never executed
        -:  476:	{
    #####:  477:	  j++;
        -:  478:	}
        -:  479:    }
    #####:  480:  if ( j >= 3)
branch  0 never executed
branch  1 never executed
        -:  481:    {
    #####:  482:      return 1;
        -:  483:    }
        -:  484:
    #####:  485:  return 0;
        -:  486:}
        -:  487:
function scoreFor called 0 returned 0% blocks executed 0%
    #####:  488:int scoreFor (int player, struct gameState *state) {
        -:  489:
        -:  490:  int i;
    #####:  491:  int score = 0;
        -:  492:  //score from hand
    #####:  493:  for (i = 0; i < state->handCount[player]; i++)
branch  0 never executed
branch  1 never executed
        -:  494:    {
    #####:  495:      if (state->hand[player][i] == curse) { score = score - 1; };
branch  0 never executed
branch  1 never executed
    #####:  496:      if (state->hand[player][i] == estate) { score = score + 1; };
branch  0 never executed
branch  1 never executed
    #####:  497:      if (state->hand[player][i] == duchy) { score = score + 3; };
branch  0 never executed
branch  1 never executed
    #####:  498:      if (state->hand[player][i] == province) { score = score + 6; };
branch  0 never executed
branch  1 never executed
    #####:  499:      if (state->hand[player][i] == great_hall) { score = score + 1; };
branch  0 never executed
branch  1 never executed
    #####:  500:      if (state->hand[player][i] == gardens) { score = score + ( fullDeckCount(player, 0, state) / 10 ); };
branch  0 never executed
branch  1 never executed
call    2 never executed
        -:  501:    }
        -:  502:
        -:  503:  //score from discard
    #####:  504:  for (i = 0; i < state->discardCount[player]; i++)
branch  0 never executed
branch  1 never executed
        -:  505:    {
    #####:  506:      if (state->discard[player][i] == curse) { score = score - 1; };
branch  0 never executed
branch  1 never executed
    #####:  507:      if (state->discard[player][i] == estate) { score = score + 1; };
branch  0 never executed
branch  1 never executed
    #####:  508:      if (state->discard[player][i] == duchy) { score = score + 3; };
branch  0 never executed
branch  1 never executed
    #####:  509:      if (state->discard[player][i] == province) { score = score + 6; };
branch  0 never executed
branch  1 never executed
    #####:  510:      if (state->discard[player][i] == great_hall) { score = score + 1; };
branch  0 never executed
branch  1 never executed
    #####:  511:      if (state->discard[player][i] == gardens) { score = score + ( fullDeckCount(player, 0, state) / 10 ); };
branch  0 never executed
branch  1 never executed
call    2 never executed
        -:  512:    }
        -:  513:
        -:  514:  //score from deck
    #####:  515:  for (i = 0; i < state->discardCount[player]; i++)
branch  0 never executed
branch  1 never executed
        -:  516:    {
    #####:  517:      if (state->deck[player][i] == curse) { score = score - 1; };
branch  0 never executed
branch  1 never executed
    #####:  518:      if (state->deck[player][i] == estate) { score = score + 1; };
branch  0 never executed
branch  1 never executed
    #####:  519:      if (state->deck[player][i] == duchy) { score = score + 3; };
branch  0 never executed
branch  1 never executed
    #####:  520:      if (state->deck[player][i] == province) { score = score + 6; };
branch  0 never executed
branch  1 never executed
    #####:  521:      if (state->deck[player][i] == great_hall) { score = score + 1; };
branch  0 never executed
branch  1 never executed
    #####:  522:      if (state->deck[player][i] == gardens) { score = score + ( fullDeckCount(player, 0, state) / 10 ); };
branch  0 never executed
branch  1 never executed
call    2 never executed
        -:  523:    }
        -:  524:
    #####:  525:  return score;
        -:  526:}
        -:  527:
function getWinners called 0 returned 0% blocks executed 0%
    #####:  528:int getWinners(int players[MAX_PLAYERS], struct gameState *state) {
        -:  529:  int i;	
        -:  530:  int j;
        -:  531:  int highScore;
        -:  532:  int currentPlayer;
        -:  533:
        -:  534:  //get score for each player
    #####:  535:  for (i = 0; i < MAX_PLAYERS; i++)
branch  0 never executed
branch  1 never executed
        -:  536:    {
        -:  537:      //set unused player scores to -9999
    #####:  538:      if (i >= state->numPlayers)
branch  0 never executed
branch  1 never executed
        -:  539:	{
    #####:  540:	  players[i] = -9999;
        -:  541:	}
        -:  542:      else
        -:  543:	{
    #####:  544:	  players[i] = scoreFor (i, state);
call    0 never executed
        -:  545:	}
        -:  546:    }
        -:  547:
        -:  548:  //find highest score
    #####:  549:  j = 0;
    #####:  550:  for (i = 0; i < MAX_PLAYERS; i++)
branch  0 never executed
branch  1 never executed
        -:  551:    {
    #####:  552:      if (players[i] > players[j])
branch  0 never executed
branch  1 never executed
        -:  553:	{
    #####:  554:	  j = i;
        -:  555:	}
        -:  556:    }
    #####:  557:  highScore = players[j];
        -:  558:
        -:  559:  //add 1 to players who had less turns
    #####:  560:  currentPlayer = whoseTurn(state);
call    0 never executed
    #####:  561:  for (i = 0; i < MAX_PLAYERS; i++)
branch  0 never executed
branch  1 never executed
        -:  562:    {
    #####:  563:      if ( players[i] == highScore && i > currentPlayer )
branch  0 never executed
branch  1 never executed
branch  2 never executed
branch  3 never executed
        -:  564:	{
    #####:  565:	  players[i]++;
        -:  566:	}
        -:  567:    }
        -:  568:
        -:  569:  //find new highest score
    #####:  570:  j = 0;
    #####:  571:  for (i = 0; i < MAX_PLAYERS; i++)
branch  0 never executed
branch  1 never executed
        -:  572:    {
    #####:  573:      if ( players[i] > players[j] )
branch  0 never executed
branch  1 never executed
        -:  574:	{
    #####:  575:	  j = i;
        -:  576:	}
        -:  577:    }
    #####:  578:  highScore = players[j];
        -:  579:
        -:  580:  //set winners in array to 1 and rest to 0
    #####:  581:  for (i = 0; i < MAX_PLAYERS; i++)
branch  0 never executed
branch  1 never executed
        -:  582:    {
    #####:  583:      if ( players[i] == highScore )
branch  0 never executed
branch  1 never executed
        -:  584:	{
    #####:  585:	  players[i] = 1;
        -:  586:	}
        -:  587:      else
        -:  588:	{
    #####:  589:	  players[i] = 0;
        -:  590:	}
        -:  591:    }
        -:  592:
    #####:  593:  return 0;
        -:  594:}
        -:  595:
function drawCard called 185149 returned 100% blocks executed 100%
   185149:  596:int drawCard(int player, struct gameState *state)
        -:  597:{	int count;
        -:  598:  int deckCounter;
   185149:  599:  if (state->deckCount[player] <= 0){//Deck is empty
branch  0 taken 3% (fallthrough)
branch  1 taken 97%
        -:  600:    
        -:  601:    //Step 1 Shuffle the discard pile back into a deck
        -:  602:    int i;
        -:  603:    //Move discard to deck
    45215:  604:    for (i = 0; i < state->discardCount[player];i++){
branch  0 taken 89%
branch  1 taken 11% (fallthrough)
    40374:  605:      state->deck[player][i] = state->discard[player][i];
    40374:  606:      state->discard[player][i] = -1;
        -:  607:    }
        -:  608:
     4841:  609:    state->deckCount[player] = state->discardCount[player];
     4841:  610:    state->discardCount[player] = 0;//Reset discard
        -:  611:
        -:  612:    //Shufffle the deck
     4841:  613:    shuffle(player, state);//Shuffle the deck up and make it so that we can draw
call    0 returned 100%
        -:  614:   
        -:  615:    if (DEBUG){//Debug statements
        -:  616:      printf("Deck count now: %d\n", state->deckCount[player]);
        -:  617:    }
        -:  618:    
     4841:  619:    state->discardCount[player] = 0;
        -:  620:
        -:  621:    //Step 2 Draw Card
     4841:  622:    count = state->handCount[player];//Get current player's hand count
        -:  623:    
        -:  624:    if (DEBUG){//Debug statements
        -:  625:      printf("Current hand count: %d\n", count);
        -:  626:    }
        -:  627:    
     4841:  628:    deckCounter = state->deckCount[player];//Create a holder for the deck count
        -:  629:
     4841:  630:    if (deckCounter == 0)
branch  0 taken 3% (fallthrough)
branch  1 taken 97%
      141:  631:      return -1;
        -:  632:
     4700:  633:    state->hand[player][count] = state->deck[player][deckCounter - 1];//Add card to hand
     4700:  634:    state->deckCount[player]--;
     4700:  635:    state->handCount[player]++;//Increment hand count
        -:  636:  }
        -:  637:
        -:  638:  else{
   180308:  639:    int count = state->handCount[player];//Get current hand count for player
        -:  640:    int deckCounter;
        -:  641:    if (DEBUG){//Debug statements
        -:  642:      printf("Current hand count: %d\n", count);
        -:  643:    }
        -:  644:
   180308:  645:    deckCounter = state->deckCount[player];//Create holder for the deck count
   180308:  646:    state->hand[player][count] = state->deck[player][deckCounter - 1];//Add card to the hand
   180308:  647:    state->deckCount[player]--;
   180308:  648:    state->handCount[player]++;//Increment hand count
        -:  649:  }
        -:  650:
   185008:  651:  return 0;
        -:  652:}
        -:  653:
function getCost called 0 returned 0% blocks executed 0%
    #####:  654:int getCost(int cardNumber)
        -:  655:{
    #####:  656:  switch( cardNumber ) 
branch  0 never executed
branch  1 never executed
branch  2 never executed
branch  3 never executed
branch  4 never executed
branch  5 never executed
branch  6 never executed
branch  7 never executed
branch  8 never executed
branch  9 never executed
branch 10 never executed
branch 11 never executed
branch 12 never executed
branch 13 never executed
branch 14 never executed
branch 15 never executed
branch 16 never executed
branch 17 never executed
branch 18 never executed
branch 19 never executed
branch 20 never executed
branch 21 never executed
branch 22 never executed
branch 23 never executed
branch 24 never executed
branch 25 never executed
branch 26 never executed
branch 27 never executed
        -:  657:    {
        -:  658:    case curse:
    #####:  659:      return 0;
        -:  660:    case estate:
    #####:  661:      return 2;
        -:  662:    case duchy:
    #####:  663:      return 5;
        -:  664:    case province:
    #####:  665:      return 8;
        -:  666:    case copper:
    #####:  667:      return 0;
        -:  668:    case silver:
    #####:  669:      return 3;
        -:  670:    case gold:
    #####:  671:      return 6;
        -:  672:    case adventurer:
    #####:  673:      return 6;
        -:  674:    case council_room:
    #####:  675:      return 5;
        -:  676:    case feast:
    #####:  677:      return 4;
        -:  678:    case gardens:
    #####:  679:      return 4;
        -:  680:    case mine:
    #####:  681:      return 5;
        -:  682:    case remodel:
    #####:  683:      return 4;
        -:  684:    case smithy:
    #####:  685:      return 4;
        -:  686:    case village:
    #####:  687:      return 3;
        -:  688:    case baron:
    #####:  689:      return 4;
        -:  690:    case great_hall:
    #####:  691:      return 3;
        -:  692:    case minion:
    #####:  693:      return 5;
        -:  694:    case steward:
    #####:  695:      return 3;
        -:  696:    case tribute:
    #####:  697:      return 5;
        -:  698:    case ambassador:
    #####:  699:      return 3;
        -:  700:    case cutpurse:
    #####:  701:      return 4;
        -:  702:    case embargo: 
    #####:  703:      return 2;
        -:  704:    case outpost:
    #####:  705:      return 5;
        -:  706:    case salvager:
    #####:  707:      return 4;
        -:  708:    case sea_hag:
    #####:  709:      return 4;
        -:  710:    case treasure_map:
    #####:  711:      return 4;
        -:  712:    }
        -:  713:	
    #####:  714:  return -1;
        -:  715:}
        -:  716:
function cardEffect called 0 returned 0% blocks executed 0%
    #####:  717:int cardEffect(int card, int choice1, int choice2, int choice3, struct gameState *state, int handPos, int *bonus)
        -:  718:{
        -:  719:  int i;
        -:  720:  int j;
        -:  721:  int k;
        -:  722:  int x;
        -:  723:  int index;
    #####:  724:  int currentPlayer = whoseTurn(state);
call    0 never executed
    #####:  725:  int nextPlayer = currentPlayer + 1;
        -:  726:
    #####:  727:  int tributeRevealedCards[2] = {-1, -1};
        -:  728:  int temphand[MAX_HAND];// moved above the if statement
    #####:  729:  int drawntreasure=0;
        -:  730:  int cardDrawn;
    #####:  731:  int z = 0;// this is the counter for the temp hand
    #####:  732:  if (nextPlayer > (state->numPlayers - 1)){
branch  0 never executed
branch  1 never executed
    #####:  733:    nextPlayer = 0;
        -:  734:  }
        -:  735:  
        -:  736:	
        -:  737:  //uses switch to select card and perform actions
    #####:  738:  switch( card ) 
branch  0 never executed
branch  1 never executed
branch  2 never executed
branch  3 never executed
branch  4 never executed
branch  5 never executed
branch  6 never executed
branch  7 never executed
branch  8 never executed
branch  9 never executed
branch 10 never executed
branch 11 never executed
branch 12 never executed
branch 13 never executed
branch 14 never executed
branch 15 never executed
branch 16 never executed
branch 17 never executed
branch 18 never executed
branch 19 never executed
branch 20 never executed
        -:  739:    {
        -:  740:    case adventurer:
    #####:  741:	playAdventurer(state);
call    0 never executed
        -:  742:/*      while(drawntreasure<2){
        -:  743:	if (state->deckCount[currentPlayer] <1){//if the deck is empty we need to shuffle discard and add to deck
        -:  744:	  shuffle(currentPlayer, state);
        -:  745:	}
        -:  746:	drawCard(currentPlayer, state);
        -:  747:	cardDrawn = state->hand[currentPlayer][state->handCount[currentPlayer]-1];//top card of hand is most recently drawn card.
        -:  748:	if (cardDrawn == copper || cardDrawn == silver || cardDrawn == gold)
        -:  749:	  drawntreasure++;
        -:  750:	else{
        -:  751:	  temphand[z]=cardDrawn;
        -:  752:	  state->handCount[currentPlayer]--; //this should just remove the top card (the most recently drawn one).
        -:  753:	  z++;
        -:  754:	}
        -:  755:      }
        -:  756:      while(z-1>=0){
        -:  757:	state->discard[currentPlayer][state->discardCount[currentPlayer]++]=temphand[z-1]; // discard all cards in play that have been drawn
        -:  758:	z=z-1;
        -:  759:      }
        -:  760:      return 0;
        -:  761:*/			
        -:  762:    case council_room:
        -:  763:      //+4 Cards
    #####:  764:      for (i = 0; i < 4; i++)
branch  0 never executed
branch  1 never executed
        -:  765:	{
    #####:  766:	  drawCard(currentPlayer, state);
call    0 never executed
        -:  767:	}
        -:  768:			
        -:  769:      //+1 Buy
    #####:  770:      state->numBuys++;
        -:  771:			
        -:  772:      //Each other player draws a card
    #####:  773:      for (i = 0; i < state->numPlayers; i++)
branch  0 never executed
branch  1 never executed
        -:  774:	{
    #####:  775:	  if ( i != currentPlayer )
branch  0 never executed
branch  1 never executed
        -:  776:	    {
    #####:  777:	      drawCard(i, state);
call    0 never executed
        -:  778:	    }
        -:  779:	}
        -:  780:			
        -:  781:      //put played card in played card pile
    #####:  782:      discardCard(handPos, currentPlayer, state, 0);
call    0 never executed
        -:  783:			
    #####:  784:      return 0;
        -:  785:			
        -:  786:    case feast:
        -:  787:      //gain card with cost up to 5
        -:  788:      //Backup hand
    #####:  789:      for (i = 0; i <= state->handCount[currentPlayer]; i++){
branch  0 never executed
branch  1 never executed
    #####:  790:	temphand[i] = state->hand[currentPlayer][i];//Backup card
    #####:  791:	state->hand[currentPlayer][i] = -1;//Set to nothing
        -:  792:      }
        -:  793:      //Backup hand
        -:  794:
        -:  795:      //Update Coins for Buy
    #####:  796:      updateCoins(currentPlayer, state, 5);
call    0 never executed
    #####:  797:      x = 1;//Condition to loop on
    #####:  798:      while( x == 1) {//Buy one card
branch  0 never executed
branch  1 never executed
    #####:  799:	if (supplyCount(choice1, state) <= 0){
call    0 never executed
branch  1 never executed
branch  2 never executed
        -:  800:	  if (DEBUG)
        -:  801:	    printf("None of that card left, sorry!\n");
        -:  802:
        -:  803:	  if (DEBUG){
        -:  804:	    printf("Cards Left: %d\n", supplyCount(choice1, state));
        -:  805:	  }
        -:  806:	}
    #####:  807:	else if (state->coins < getCost(choice1)){
call    0 never executed
branch  1 never executed
branch  2 never executed
    #####:  808:	  printf("That card is too expensive!\n");
call    0 never executed
        -:  809:
        -:  810:	  if (DEBUG){
        -:  811:	    printf("Coins: %d < %d\n", state->coins, getCost(choice1));
        -:  812:	  }
        -:  813:	}
        -:  814:	else{
        -:  815:
        -:  816:	  if (DEBUG){
        -:  817:	    printf("Deck Count: %d\n", state->handCount[currentPlayer] + state->deckCount[currentPlayer] + state->discardCount[currentPlayer]);
        -:  818:	  }
        -:  819:
    #####:  820:	  gainCard(choice1, state, 0, currentPlayer);//Gain the card
call    0 never executed
    #####:  821:	  x = 0;//No more buying cards
        -:  822:
        -:  823:	  if (DEBUG){
        -:  824:	    printf("Deck Count: %d\n", state->handCount[currentPlayer] + state->deckCount[currentPlayer] + state->discardCount[currentPlayer]);
        -:  825:	  }
        -:  826:
        -:  827:	}
        -:  828:      }     
        -:  829:
        -:  830:      //Reset Hand
    #####:  831:      for (i = 0; i <= state->handCount[currentPlayer]; i++){
branch  0 never executed
branch  1 never executed
    #####:  832:	state->hand[currentPlayer][i] = temphand[i];
    #####:  833:	temphand[i] = -1;
        -:  834:      }
        -:  835:      //Reset Hand
        -:  836:      			
    #####:  837:      return 0;
        -:  838:			
        -:  839:    case gardens:
    #####:  840:      return -1;
        -:  841:			
        -:  842:    case mine:
    #####:  843:      j = state->hand[currentPlayer][choice1];  //store card we will trash
        -:  844:
    #####:  845:      if (state->hand[currentPlayer][choice1] < copper || state->hand[currentPlayer][choice1] > gold)
branch  0 never executed
branch  1 never executed
branch  2 never executed
branch  3 never executed
        -:  846:	{
    #####:  847:	  return -1;
        -:  848:	}
        -:  849:		
    #####:  850:      if (choice2 > treasure_map || choice2 < curse)
branch  0 never executed
branch  1 never executed
branch  2 never executed
branch  3 never executed
        -:  851:	{
    #####:  852:	  return -1;
        -:  853:	}
        -:  854:
    #####:  855:      if ( (getCost(state->hand[currentPlayer][choice1]) + 3) > getCost(choice2) )
call    0 never executed
call    1 never executed
branch  2 never executed
branch  3 never executed
        -:  856:	{
    #####:  857:	  return -1;
        -:  858:	}
        -:  859:
    #####:  860:      gainCard(choice2, state, 2, currentPlayer);
call    0 never executed
        -:  861:
        -:  862:      //discard card from hand
    #####:  863:      discardCard(handPos, currentPlayer, state, 0);
call    0 never executed
        -:  864:
        -:  865:      //discard trashed card
    #####:  866:      for (i = 0; i < state->handCount[currentPlayer]; i++)
branch  0 never executed
branch  1 never executed
        -:  867:	{
    #####:  868:	  if (state->hand[currentPlayer][i] == j)
branch  0 never executed
branch  1 never executed
        -:  869:	    {
    #####:  870:	      discardCard(i, currentPlayer, state, 0);			
call    0 never executed
    #####:  871:	      break;
        -:  872:	    }
        -:  873:	}
        -:  874:			
    #####:  875:      return 0;
        -:  876:			
        -:  877:    case remodel:
    #####:  878:	playRemodel(state, handPos, choice1, choice2);
call    0 never executed
        -:  879:/*      j = state->hand[currentPlayer][choice1];  //store card we will trash
        -:  880:
        -:  881:      if ( (getCost(state->hand[currentPlayer][choice1]) + 2) > getCost(choice2) )
        -:  882:	{
        -:  883:	  return -1;
        -:  884:	}
        -:  885:
        -:  886:      gainCard(choice2, state, 0, currentPlayer);
        -:  887:
        -:  888:      //discard card from hand
        -:  889:      discardCard(handPos, currentPlayer, state, 0);
        -:  890:
        -:  891:      //discard trashed card
        -:  892:      for (i = 0; i < state->handCount[currentPlayer]; i++)
        -:  893:	{
        -:  894:	  if (state->hand[currentPlayer][i] == j)
        -:  895:	    {
        -:  896:	      discardCard(i, currentPlayer, state, 0);			
        -:  897:	      break;
        -:  898:	    }
        -:  899:	}
        -:  900:
        -:  901:
        -:  902:      return 0;
        -:  903:*/		
        -:  904:    case smithy:
        -:  905:
    #####:  906:	playSmithy(state, handPos);
call    0 never executed
        -:  907: /*     //+3 Cards
        -:  908:      for (i = 0; i < 3; i++)
        -:  909:	{
        -:  910:	  drawCard(currentPlayer, state);
        -:  911:	}
        -:  912:			
        -:  913:      //discard card from hand
        -:  914:      discardCard(handPos, currentPlayer, state, 0);
        -:  915:      return 0;
        -:  916:*/		
        -:  917:    case village:
    #####:  918:	playVillage(state, handPos);
call    0 never executed
        -:  919:/*      //+1 Card
        -:  920:      drawCard(currentPlayer, state);
        -:  921:			
        -:  922:      //+2 Actions
        -:  923:      state->numActions = state->numActions + 2;
        -:  924:			
        -:  925:      //discard played card from hand
        -:  926:      discardCard(handPos, currentPlayer, state, 0);
        -:  927:      return 0;
        -:  928:*/		
        -:  929:    case baron:
    #####:  930:      state->numBuys++;//Increase buys by 1!
    #####:  931:      if (choice1 > 0){//Boolean true or going to discard an estate
branch  0 never executed
branch  1 never executed
    #####:  932:	int p = 0;//Iterator for hand!
    #####:  933:	int card_not_discarded = 1;//Flag for discard set!
    #####:  934:	while(card_not_discarded){
branch  0 never executed
branch  1 never executed
    #####:  935:	  if (state->hand[currentPlayer][p] == estate){//Found an estate card!
branch  0 never executed
branch  1 never executed
    #####:  936:	    state->coins += 4;//Add 4 coins to the amount of coins
    #####:  937:	    state->discard[currentPlayer][state->discardCount[currentPlayer]] = state->hand[currentPlayer][p];
    #####:  938:	    state->discardCount[currentPlayer]++;
    #####:  939:	    for (;p < state->handCount[currentPlayer]; p++){
branch  0 never executed
branch  1 never executed
    #####:  940:	      state->hand[currentPlayer][p] = state->hand[currentPlayer][p+1];
        -:  941:	    }
    #####:  942:	    state->hand[currentPlayer][state->handCount[currentPlayer]] = -1;
    #####:  943:	    state->handCount[currentPlayer]--;
    #####:  944:	    card_not_discarded = 0;//Exit the loop
        -:  945:	  }
    #####:  946:	  else if (p > state->handCount[currentPlayer]){
branch  0 never executed
branch  1 never executed
        -:  947:	    if(DEBUG) {
        -:  948:	      printf("No estate cards in your hand, invalid choice\n");
        -:  949:	      printf("Must gain an estate if there are any\n");
        -:  950:	    }
    #####:  951:	    if (supplyCount(estate, state) > 0){
call    0 never executed
branch  1 never executed
branch  2 never executed
    #####:  952:	      gainCard(estate, state, 0, currentPlayer);
call    0 never executed
    #####:  953:	      state->supplyCount[estate]--;//Decrement estates
    #####:  954:	      if (supplyCount(estate, state) == 0){
call    0 never executed
branch  1 never executed
branch  2 never executed
    #####:  955:		isGameOver(state);
call    0 never executed
        -:  956:	      }
        -:  957:	    }
    #####:  958:	    card_not_discarded = 0;//Exit the loop
        -:  959:	  }
        -:  960:			    
        -:  961:	  else{
    #####:  962:	    p++;//Next card
        -:  963:	  }
        -:  964:	}
        -:  965:      }
        -:  966:			    
        -:  967:      else{
    #####:  968:	if (supplyCount(estate, state) > 0){
call    0 never executed
branch  1 never executed
branch  2 never executed
    #####:  969:	  gainCard(estate, state, 0, currentPlayer);//Gain an estate
call    0 never executed
    #####:  970:	  state->supplyCount[estate]--;//Decrement Estates
    #####:  971:	  if (supplyCount(estate, state) == 0){
call    0 never executed
branch  1 never executed
branch  2 never executed
    #####:  972:	    isGameOver(state);
call    0 never executed
        -:  973:	  }
        -:  974:	}
        -:  975:      }
        -:  976:	    
        -:  977:      
    #####:  978:      return 0;
        -:  979:		
        -:  980:    case great_hall:
    #####:  981:	playGreat_hall(state, handPos);
call    0 never executed
        -:  982:/*      //+1 Card
        -:  983:      drawCard(currentPlayer, state);
        -:  984:			
        -:  985:      //+1 Actions
        -:  986:      state->numActions++;
        -:  987:			
        -:  988:      //discard card from hand
        -:  989:      discardCard(handPos, currentPlayer, state, 0);
        -:  990:      return 0;
        -:  991:*/		
        -:  992:    case minion:
        -:  993:      //+1 action
    #####:  994:      state->numActions++;
        -:  995:			
        -:  996:      //discard card from hand
    #####:  997:      discardCard(handPos, currentPlayer, state, 0);
call    0 never executed
        -:  998:			
    #####:  999:      if (choice1)		//+2 coins
branch  0 never executed
branch  1 never executed
        -: 1000:	{
    #####: 1001:	  state->coins = state->coins + 2;
        -: 1002:	}
        -: 1003:			
    #####: 1004:      else if (choice2)		//discard hand, redraw 4, other players with 5+ cards discard hand and draw 4
branch  0 never executed
branch  1 never executed
        -: 1005:	{
        -: 1006:	  //discard hand
    #####: 1007:	  while(numHandCards(state) > 0)
call    0 never executed
branch  1 never executed
branch  2 never executed
        -: 1008:	    {
    #####: 1009:	      discardCard(handPos, currentPlayer, state, 0);
call    0 never executed
        -: 1010:	    }
        -: 1011:				
        -: 1012:	  //draw 4
    #####: 1013:	  for (i = 0; i < 4; i++)
branch  0 never executed
branch  1 never executed
        -: 1014:	    {
    #####: 1015:	      drawCard(currentPlayer, state);
call    0 never executed
        -: 1016:	    }
        -: 1017:				
        -: 1018:	  //other players discard hand and redraw if hand size > 4
    #####: 1019:	  for (i = 0; i < state->numPlayers; i++)
branch  0 never executed
branch  1 never executed
        -: 1020:	    {
    #####: 1021:	      if (i != currentPlayer)
branch  0 never executed
branch  1 never executed
        -: 1022:		{
    #####: 1023:		  if ( state->handCount[i] > 4 )
branch  0 never executed
branch  1 never executed
        -: 1024:		    {
        -: 1025:		      //discard hand
    #####: 1026:		      while( state->handCount[i] > 0 )
branch  0 never executed
branch  1 never executed
        -: 1027:			{
    #####: 1028:			  discardCard(handPos, i, state, 0);
call    0 never executed
        -: 1029:			}
        -: 1030:							
        -: 1031:		      //draw 4
    #####: 1032:		      for (j = 0; j < 4; j++)
branch  0 never executed
branch  1 never executed
        -: 1033:			{
    #####: 1034:			  drawCard(i, state);
call    0 never executed
        -: 1035:			}
        -: 1036:		    }
        -: 1037:		}
        -: 1038:	    }
        -: 1039:				
        -: 1040:	}
    #####: 1041:      return 0;
        -: 1042:		
        -: 1043:    case steward:
    #####: 1044:      if (choice1 == 1)
branch  0 never executed
branch  1 never executed
        -: 1045:	{
        -: 1046:	  //+2 cards
    #####: 1047:	  drawCard(currentPlayer, state);
call    0 never executed
    #####: 1048:	  drawCard(currentPlayer, state);
call    0 never executed
        -: 1049:	}
    #####: 1050:      else if (choice1 == 2)
branch  0 never executed
branch  1 never executed
        -: 1051:	{
        -: 1052:	  //+2 coins
    #####: 1053:	  state->coins = state->coins + 2;
        -: 1054:	}
        -: 1055:      else
        -: 1056:	{
        -: 1057:	  //trash 2 cards in hand
    #####: 1058:	  discardCard(choice2, currentPlayer, state, 1);
call    0 never executed
    #####: 1059:	  discardCard(choice3, currentPlayer, state, 1);
call    0 never executed
        -: 1060:	}
        -: 1061:			
        -: 1062:      //discard card from hand
    #####: 1063:      discardCard(handPos, currentPlayer, state, 0);
call    0 never executed
    #####: 1064:      return 0;
        -: 1065:		
        -: 1066:    case tribute:
    #####: 1067:      if ((state->discardCount[nextPlayer] + state->deckCount[nextPlayer]) <= 1){
branch  0 never executed
branch  1 never executed
    #####: 1068:	if (state->deckCount[nextPlayer] > 0){
branch  0 never executed
branch  1 never executed
    #####: 1069:	  tributeRevealedCards[0] = state->deck[nextPlayer][state->deckCount[nextPlayer]-1];
    #####: 1070:	  state->deckCount[nextPlayer]--;
        -: 1071:	}
    #####: 1072:	else if (state->discardCount[nextPlayer] > 0){
branch  0 never executed
branch  1 never executed
    #####: 1073:	  tributeRevealedCards[0] = state->discard[nextPlayer][state->discardCount[nextPlayer]-1];
    #####: 1074:	  state->discardCount[nextPlayer]--;
        -: 1075:	}
        -: 1076:	else{
        -: 1077:	  //No Card to Reveal
        -: 1078:	  if (DEBUG){
        -: 1079:	    printf("No cards to reveal\n");
        -: 1080:	  }
        -: 1081:	}
        -: 1082:      }
        -: 1083:	    
        -: 1084:      else{
    #####: 1085:	if (state->deckCount[nextPlayer] == 0){
branch  0 never executed
branch  1 never executed
    #####: 1086:	  for (i = 0; i < state->discardCount[nextPlayer]; i++){
branch  0 never executed
branch  1 never executed
    #####: 1087:	    state->deck[nextPlayer][i] = state->discard[nextPlayer][i];//Move to deck
    #####: 1088:	    state->deckCount[nextPlayer]++;
    #####: 1089:	    state->discard[nextPlayer][i] = -1;
    #####: 1090:	    state->discardCount[nextPlayer]--;
        -: 1091:	  }
        -: 1092:			    
    #####: 1093:	  shuffle(nextPlayer,state);//Shuffle the deck
call    0 never executed
        -: 1094:	} 
    #####: 1095:	tributeRevealedCards[0] = state->deck[nextPlayer][state->deckCount[nextPlayer]-1];
    #####: 1096:	state->deck[nextPlayer][state->deckCount[nextPlayer]--] = -1;
    #####: 1097:	state->deckCount[nextPlayer]--;
    #####: 1098:	tributeRevealedCards[1] = state->deck[nextPlayer][state->deckCount[nextPlayer]-1];
    #####: 1099:	state->deck[nextPlayer][state->deckCount[nextPlayer]--] = -1;
    #####: 1100:	state->deckCount[nextPlayer]--;
        -: 1101:      }    
        -: 1102:		       
    #####: 1103:      if (tributeRevealedCards[0] == tributeRevealedCards[1]){//If we have a duplicate card, just drop one 
branch  0 never executed
branch  1 never executed
    #####: 1104:	state->playedCards[state->playedCardCount] = tributeRevealedCards[1];
    #####: 1105:	state->playedCardCount++;
    #####: 1106:	tributeRevealedCards[1] = -1;
        -: 1107:      }
        -: 1108:
    #####: 1109:      for (i = 0; i <= 2; i ++){
branch  0 never executed
branch  1 never executed
    #####: 1110:	if (tributeRevealedCards[i] == copper || tributeRevealedCards[i] == silver || tributeRevealedCards[i] == gold){//Treasure cards
branch  0 never executed
branch  1 never executed
branch  2 never executed
branch  3 never executed
branch  4 never executed
branch  5 never executed
    #####: 1111:	  state->coins += 2;
        -: 1112:	}
        -: 1113:		    
    #####: 1114:	else if (tributeRevealedCards[i] == estate || tributeRevealedCards[i] == duchy || tributeRevealedCards[i] == province || tributeRevealedCards[i] == gardens || tributeRevealedCards[i] == great_hall){//Victory Card Found
branch  0 never executed
branch  1 never executed
branch  2 never executed
branch  3 never executed
branch  4 never executed
branch  5 never executed
branch  6 never executed
branch  7 never executed
branch  8 never executed
branch  9 never executed
    #####: 1115:	  drawCard(currentPlayer, state);
call    0 never executed
    #####: 1116:	  drawCard(currentPlayer, state);
call    0 never executed
        -: 1117:	}
        -: 1118:	else{//Action Card
    #####: 1119:	  state->numActions = state->numActions + 2;
        -: 1120:	}
        -: 1121:      }
        -: 1122:	    
    #####: 1123:      return 0;
        -: 1124:		
        -: 1125:    case ambassador:
    #####: 1126:      j = 0;		//used to check if player has enough cards to discard
        -: 1127:
    #####: 1128:      if (choice2 > 2 || choice2 < 0)
branch  0 never executed
branch  1 never executed
branch  2 never executed
branch  3 never executed
        -: 1129:	{
    #####: 1130:	  return -1;				
        -: 1131:	}
        -: 1132:
    #####: 1133:      if (choice1 == handPos)
branch  0 never executed
branch  1 never executed
        -: 1134:	{
    #####: 1135:	  return -1;
        -: 1136:	}
        -: 1137:
    #####: 1138:      for (i = 0; i < state->handCount[currentPlayer]; i++)
branch  0 never executed
branch  1 never executed
        -: 1139:	{
    #####: 1140:	  if (i != handPos && i == state->hand[currentPlayer][choice1] && i != choice1)
branch  0 never executed
branch  1 never executed
branch  2 never executed
branch  3 never executed
branch  4 never executed
branch  5 never executed
        -: 1141:	    {
    #####: 1142:	      j++;
        -: 1143:	    }
        -: 1144:	}
    #####: 1145:      if (j < choice2)
branch  0 never executed
branch  1 never executed
        -: 1146:	{
    #####: 1147:	  return -1;				
        -: 1148:	}
        -: 1149:
        -: 1150:      if (DEBUG) 
        -: 1151:	printf("Player %d reveals card number: %d\n", currentPlayer, state->hand[currentPlayer][choice1]);
        -: 1152:
        -: 1153:      //increase supply count for choosen card by amount being discarded
    #####: 1154:      state->supplyCount[state->hand[currentPlayer][choice1]] += choice2;
        -: 1155:			
        -: 1156:      //each other player gains a copy of revealed card
    #####: 1157:      for (i = 0; i < state->numPlayers; i++)
branch  0 never executed
branch  1 never executed
        -: 1158:	{
    #####: 1159:	  if (i != currentPlayer)
branch  0 never executed
branch  1 never executed
        -: 1160:	    {
    #####: 1161:	      gainCard(state->hand[currentPlayer][choice1], state, 0, i);
call    0 never executed
        -: 1162:	    }
        -: 1163:	}
        -: 1164:
        -: 1165:      //discard played card from hand
    #####: 1166:      discardCard(handPos, currentPlayer, state, 0);			
call    0 never executed
        -: 1167:
        -: 1168:      //trash copies of cards returned to supply
    #####: 1169:      for (j = 0; j < choice2; j++)
branch  0 never executed
branch  1 never executed
        -: 1170:	{
    #####: 1171:	  for (i = 0; i < state->handCount[currentPlayer]; i++)
branch  0 never executed
branch  1 never executed
        -: 1172:	    {
    #####: 1173:	      if (state->hand[currentPlayer][i] == state->hand[currentPlayer][choice1])
branch  0 never executed
branch  1 never executed
        -: 1174:		{
    #####: 1175:		  discardCard(i, currentPlayer, state, 1);
call    0 never executed
    #####: 1176:		  break;
        -: 1177:		}
        -: 1178:	    }
        -: 1179:	}			
        -: 1180:
    #####: 1181:      return 0;
        -: 1182:		
        -: 1183:    case cutpurse:
        -: 1184:
    #####: 1185:      updateCoins(currentPlayer, state, 2);
call    0 never executed
    #####: 1186:      for (i = 0; i < state->numPlayers; i++)
branch  0 never executed
branch  1 never executed
        -: 1187:	{
    #####: 1188:	  if (i != currentPlayer)
branch  0 never executed
branch  1 never executed
        -: 1189:	    {
    #####: 1190:	      for (j = 0; j < state->handCount[i]; j++)
branch  0 never executed
branch  1 never executed
        -: 1191:		{
    #####: 1192:		  if (state->hand[i][j] == copper)
branch  0 never executed
branch  1 never executed
        -: 1193:		    {
    #####: 1194:		      discardCard(j, i, state, 0);
call    0 never executed
    #####: 1195:		      break;
        -: 1196:		    }
    #####: 1197:		  if (j == state->handCount[i])
branch  0 never executed
branch  1 never executed
        -: 1198:		    {
    #####: 1199:		      for (k = 0; k < state->handCount[i]; k++)
branch  0 never executed
branch  1 never executed
        -: 1200:			{
        -: 1201:			  if (DEBUG)
        -: 1202:			    printf("Player %d reveals card number %d\n", i, state->hand[i][k]);
        -: 1203:			}	
    #####: 1204:		      break;
        -: 1205:		    }		
        -: 1206:		}
        -: 1207:					
        -: 1208:	    }
        -: 1209:				
        -: 1210:	}				
        -: 1211:
        -: 1212:      //discard played card from hand
    #####: 1213:      discardCard(handPos, currentPlayer, state, 0);			
call    0 never executed
        -: 1214:
    #####: 1215:      return 0;
        -: 1216:
        -: 1217:		
        -: 1218:    case embargo: 
        -: 1219:      //+2 Coins
    #####: 1220:      state->coins = state->coins + 2;
        -: 1221:			
        -: 1222:      //see if selected pile is in play
    #####: 1223:      if ( state->supplyCount[choice1] == -1 )
branch  0 never executed
branch  1 never executed
        -: 1224:	{
    #####: 1225:	  return -1;
        -: 1226:	}
        -: 1227:			
        -: 1228:      //add embargo token to selected supply pile
    #####: 1229:      state->embargoTokens[choice1]++;
        -: 1230:			
        -: 1231:      //trash card
    #####: 1232:      discardCard(handPos, currentPlayer, state, 1);		
call    0 never executed
    #####: 1233:      return 0;
        -: 1234:		
        -: 1235:    case outpost:
        -: 1236:      //set outpost flag
    #####: 1237:      state->outpostPlayed++;
        -: 1238:			
        -: 1239:      //discard card
    #####: 1240:      discardCard(handPos, currentPlayer, state, 0);
call    0 never executed
    #####: 1241:      return 0;
        -: 1242:		
        -: 1243:    case salvager:
        -: 1244:      //+1 buy
    #####: 1245:      state->numBuys++;
        -: 1246:			
    #####: 1247:      if (choice1)
branch  0 never executed
branch  1 never executed
        -: 1248:	{
        -: 1249:	  //gain coins equal to trashed card
    #####: 1250:	  state->coins = state->coins + getCost( handCard(choice1, state) );
call    0 never executed
call    1 never executed
        -: 1251:	  //trash card
    #####: 1252:	  discardCard(choice1, currentPlayer, state, 1);	
call    0 never executed
        -: 1253:	}
        -: 1254:			
        -: 1255:      //discard card
    #####: 1256:      discardCard(handPos, currentPlayer, state, 0);
call    0 never executed
    #####: 1257:      return 0;
        -: 1258:		
        -: 1259:    case sea_hag:
    #####: 1260:      for (i = 0; i < state->numPlayers; i++){
branch  0 never executed
branch  1 never executed
    #####: 1261:	if (i != currentPlayer){
branch  0 never executed
branch  1 never executed
    #####: 1262:	  state->discard[i][state->discardCount[i]] = state->deck[i][state->deckCount[i]--];			    state->deckCount[i]--;
    #####: 1263:	  state->discardCount[i]++;
    #####: 1264:	  state->deck[i][state->deckCount[i]--] = curse;//Top card now a curse
        -: 1265:	}
        -: 1266:      }
    #####: 1267:      return 0;
        -: 1268:		
        -: 1269:    case treasure_map:
        -: 1270:      //search hand for another treasure_map
    #####: 1271:      index = -1;
    #####: 1272:      for (i = 0; i < state->handCount[currentPlayer]; i++)
branch  0 never executed
branch  1 never executed
        -: 1273:	{
    #####: 1274:	  if (state->hand[currentPlayer][i] == treasure_map && i != handPos)
branch  0 never executed
branch  1 never executed
branch  2 never executed
branch  3 never executed
        -: 1275:	    {
    #####: 1276:	      index = i;
    #####: 1277:	      break;
        -: 1278:	    }
        -: 1279:	}
    #####: 1280:      if (index > -1)
branch  0 never executed
branch  1 never executed
        -: 1281:	{
        -: 1282:	  //trash both treasure cards
    #####: 1283:	  discardCard(handPos, currentPlayer, state, 1);
call    0 never executed
    #####: 1284:	  discardCard(index, currentPlayer, state, 1);
call    0 never executed
        -: 1285:
        -: 1286:	  //gain 4 Gold cards
    #####: 1287:	  for (i = 0; i < 4; i++)
branch  0 never executed
branch  1 never executed
        -: 1288:	    {
    #####: 1289:	      gainCard(gold, state, 1, currentPlayer);
call    0 never executed
        -: 1290:	    }
        -: 1291:				
        -: 1292:	  //return success
    #####: 1293:	  return 1;
        -: 1294:	}
        -: 1295:			
        -: 1296:      //no second treasure_map found in hand
    #####: 1297:      return -1;
        -: 1298:    }
        -: 1299:	
    #####: 1300:  return -1;
        -: 1301:}
        -: 1302:
function discardCard called 6516 returned 100% blocks executed 89%
     6516: 1303:int discardCard(int handPos, int currentPlayer, struct gameState *state, int trashFlag)
        -: 1304:{
        -: 1305:	
        -: 1306:  //if card is not trashed, added to Played pile 
     6516: 1307:  if (trashFlag < 1)
branch  0 taken 99% (fallthrough)
branch  1 taken 1%
        -: 1308:    {
        -: 1309:      //add card to played pile
     6497: 1310:      state->playedCards[state->playedCardCount] = state->hand[currentPlayer][handPos]; 
     6497: 1311:      state->playedCardCount++;
        -: 1312:    }
        -: 1313:	
        -: 1314:  //set played card to -1
     6516: 1315:  state->hand[currentPlayer][handPos] = -1;
        -: 1316:	
        -: 1317:  //remove card from player's hand
     6516: 1318:  if ( handPos == (state->handCount[currentPlayer] - 1) ) 	//last card in hand array is played
branch  0 taken 1% (fallthrough)
branch  1 taken 99%
        -: 1319:    {
        -: 1320:      //reduce number of cards in hand
       81: 1321:      state->handCount[currentPlayer]--;
        -: 1322:    }
     6435: 1323:  else if ( state->handCount[currentPlayer] == 1 ) //only one card in hand
branch  0 taken 0% (fallthrough)
branch  1 taken 100%
        -: 1324:    {
        -: 1325:      //reduce number of cards in hand
    #####: 1326:      state->handCount[currentPlayer]--;
        -: 1327:    }
        -: 1328:  else 	
        -: 1329:    {
        -: 1330:      //replace discarded card with last card in hand
     6435: 1331:      state->hand[currentPlayer][handPos] = state->hand[currentPlayer][ (state->handCount[currentPlayer] - 1)];
        -: 1332:      //set last card to -1
     6435: 1333:      state->hand[currentPlayer][state->handCount[currentPlayer] - 1] = -1;
        -: 1334:      //reduce number of cards in hand
     6435: 1335:      state->handCount[currentPlayer]--;
        -: 1336:    }
        -: 1337:	
     6516: 1338:  return 0;
        -: 1339:}
        -: 1340:
function gainCard called 56 returned 100% blocks executed 90%
       56: 1341:int gainCard(int supplyPos, struct gameState *state, int toFlag, int player)
        -: 1342:{
        -: 1343:  //Note: supplyPos is enum of choosen card
        -: 1344:	
        -: 1345:  //check if supply pile is empty (0) or card is not used in game (-1)
       56: 1346:  if ( supplyCount(supplyPos, state) < 1 )
call    0 returned 100%
branch  1 taken 0% (fallthrough)
branch  2 taken 100%
        -: 1347:    {
    #####: 1348:      return -1;
        -: 1349:    }
        -: 1350:	
        -: 1351:  //added card for [whoseTurn] current player:
        -: 1352:  // toFlag = 0 : add to discard
        -: 1353:  // toFlag = 1 : add to deck
        -: 1354:  // toFlag = 2 : add to hand
        -: 1355:
       56: 1356:  if (toFlag == 1)
branch  0 taken 39% (fallthrough)
branch  1 taken 61%
        -: 1357:    {
       22: 1358:      state->deck[ player ][ state->deckCount[player] ] = supplyPos;
       22: 1359:      state->deckCount[player]++;
        -: 1360:    }
       34: 1361:  else if (toFlag == 2)
branch  0 taken 47% (fallthrough)
branch  1 taken 53%
        -: 1362:    {
       16: 1363:      state->hand[ player ][ state->handCount[player] ] = supplyPos;
       16: 1364:      state->handCount[player]++;
        -: 1365:    }
        -: 1366:  else
        -: 1367:    {
       18: 1368:      state->discard[player][ state->discardCount[player] ] = supplyPos;
       18: 1369:      state->discardCount[player]++;
        -: 1370:    }
        -: 1371:	
        -: 1372:  //decrease number in supply pile
       56: 1373:  state->supplyCount[supplyPos]--;
        -: 1374:	 
       56: 1375:  return 0;
        -: 1376:}
        -: 1377:
function updateCoins called 29063 returned 100% blocks executed 82%
    29063: 1378:int updateCoins(int player, struct gameState *state, int bonus)
        -: 1379:{
        -: 1380:  int i;
        -: 1381:	
        -: 1382:  //reset coin count
    29063: 1383:  state->coins = 0;
        -: 1384:
        -: 1385:  //add coins for each Treasure card in player's hand
   174273: 1386:  for (i = 0; i < state->handCount[player]; i++)
branch  0 taken 83%
branch  1 taken 17% (fallthrough)
        -: 1387:    {
   145210: 1388:      if (state->hand[player][i] == copper)
branch  0 taken 68% (fallthrough)
branch  1 taken 32%
        -: 1389:	{
    99105: 1390:	  state->coins += 1;
        -: 1391:	}
    46105: 1392:      else if (state->hand[player][i] == silver)
branch  0 taken 0% (fallthrough)
branch  1 taken 100%
        -: 1393:	{
    #####: 1394:	  state->coins += 2;
        -: 1395:	}
    46105: 1396:      else if (state->hand[player][i] == gold)
branch  0 taken 0% (fallthrough)
branch  1 taken 100%
        -: 1397:	{
    #####: 1398:	  state->coins += 3;
        -: 1399:	}	
        -: 1400:    }	
        -: 1401:
        -: 1402:  //add bonus
    29063: 1403:  state->coins += bonus;
        -: 1404:
    29063: 1405:  return 0;
        -: 1406:}
        -: 1407:
        -: 1408:
        -: 1409://end of dominion.c
        -: 1410:
